::stop-commands::***

ğŸ“ åŸºæœ¬ç‚¹ï¼ˆæå‡ºç¢ºèªï¼‰


  æå‡ºã‚’ç¢ºèªã—ã¾ã—ãŸ
  
âœ… åŸºæœ¬ç‚¹ï¼ˆæå‡ºç¢ºèªï¼‰

ğŸ“ ã‚³ãƒ³ãƒ‘ã‚¤ãƒ«æˆåŠŸ


src/main.c: In function 'main':
  src/main.c:29:9: warning: implicit declaration of function 'Win_FillRectangle'; did you mean 'Win_FillRect'? [-Wimplicit-function-declaration]
     29 |         Win_FillRectangle(x, y, x + size, y + size, colors[i]);
        |         ^~~~~~~~~~~~~~~~~
        |         Win_FillRect
  /usr/bin/ld: /tmp/ccMnUk8T.o: in function `main':
  main.c:(.text.startup+0x125): undefined reference to `Win_FillRectangle'
  /usr/bin/ld: main.c:(.text.startup+0x194): undefined reference to `Win_FillRectangle'
  collect2: error: ld returned 1 exit status
  
âŒ ã‚³ãƒ³ãƒ‘ã‚¤ãƒ«æˆåŠŸ
::error::Error: Exit with code: 1 and signal: null
ğŸ“ ãƒ†ã‚¹ãƒˆ1: foræ–‡ã®ä½¿ç”¨ç¢ºèª


  ============================= test session starts ==============================
  platform linux -- Python 3.10.12, pytest-8.4.2, pluggy-1.6.0 -- /usr/bin/python3
  cachedir: .pytest_cache
  rootdir: /home.org/administrator/c-programming-runners/actions-runner1/_work/ex8-3-t2500173/ex8-3-t2500173/tests
  collecting ... collected 1 item
  
  test_exercise_8_3.py::test_01_for_loop_usage ERROR                       [100%]
  
  ==================================== ERRORS ====================================
  ___________________ ERROR at setup of test_01_for_loop_usage ___________________
  
  module = <module 'test_exercise_8_3' from '/home.org/administrator/c-programming-runners/actions-runner1/_work/ex8-3-t2500173/ex8-3-t2500173/tests/test_exercise_8_3.py'>
  
      def setup_module(module):
          """ãƒ†ã‚¹ãƒˆç’°å¢ƒã®ã‚»ãƒƒãƒˆã‚¢ãƒƒãƒ—ï¼ˆã‚³ãƒ³ãƒ‘ã‚¤ãƒ«å«ã‚€ï¼‰"""
          global exercise_dir, src_file, executable, debug_executable, test_source_file
      
          exercise_dir = Path(__file__).parent.parent
          exercise_name = exercise_dir.name
      
          # ã‚½ãƒ¼ã‚¹ãƒ•ã‚¡ã‚¤ãƒ«ã®æ±ºå®š
          src_dir = exercise_dir / "src"
          if not src_dir.exists():
              raise FileNotFoundError(f"srcãƒ‡ã‚£ãƒ¬ã‚¯ãƒˆãƒªãŒè¦‹ã¤ã‹ã‚Šã¾ã›ã‚“: {src_dir}")
      
          # ã‚³ãƒãƒ³ãƒ‰ãƒ©ã‚¤ãƒ³å¼•æ•°ã¾ãŸã¯ç’°å¢ƒå¤‰æ•°ã‹ã‚‰ã‚½ãƒ¼ã‚¹ãƒ•ã‚¡ã‚¤ãƒ«ã‚’å–å¾—
          parser = argparse.ArgumentParser()
          parser.add_argument('--source', default=None, help='ãƒ†ã‚¹ãƒˆã™ã‚‹ã‚½ãƒ¼ã‚¹ãƒ•ã‚¡ã‚¤ãƒ«')
          args, unknown = parser.parse_known_args()
      
          source_filename = (
              args.source or
              os.environ.get('SOURCE_FILE') or
              'main.c'
          )
      
          test_source_file = src_dir / source_filename
      
          if not test_source_file.exists():
              raise FileNotFoundError(f"ã‚½ãƒ¼ã‚¹ãƒ•ã‚¡ã‚¤ãƒ«ãŒè¦‹ã¤ã‹ã‚Šã¾ã›ã‚“: {test_source_file}")
      
          # å®Ÿè¡Œãƒ•ã‚¡ã‚¤ãƒ«åã‚’å‹•çš„ã«ç”Ÿæˆ
          base_name = test_source_file.stem
          executable = exercise_dir / f"{exercise_name}_{base_name}"
          debug_executable = exercise_dir / f"{exercise_name}_{base_name}_debug"
      
          print(f"\n{'='*70}")
          print(f"ğŸš€ {exercise_name}ã®ãƒ†ã‚¹ãƒˆã‚¹ã‚¤ãƒ¼ãƒˆ")
          print(f"{'='*70}")
          print(f"ğŸ“ èª²é¡Œãƒ‡ã‚£ãƒ¬ã‚¯ãƒˆãƒª: {exercise_dir}")
          print(f"ğŸ“„ ãƒ†ã‚¹ãƒˆå¯¾è±¡ã‚½ãƒ¼ã‚¹ãƒ•ã‚¡ã‚¤ãƒ«: {test_source_file.name}")
          print(f"ğŸ”§ å®Ÿè¡Œãƒ•ã‚¡ã‚¤ãƒ«: {executable.name}")
      
          # ã‚³ãƒ³ãƒ‘ã‚¤ãƒ«å®Ÿè¡Œ
  >       _compile_programs()
  
  test_exercise_8_3.py:79: 
  _ _ _ _ _ _ _ _ _ _ _ _ _ _ _ _ _ _ _ _ _ _ _ _ _ _ _ _ _ _ _ _ _ _ _ _ _ _ _ _ 
  
      def _compile_programs():
          """ã‚³ãƒ³ãƒ‘ã‚¤ãƒ«å®Ÿè¡Œï¼ˆSDL3å¯¾å¿œï¼‰"""
          # GraphicsLib.cã®ãƒ‘ã‚¹
          graphics_lib = exercise_dir / "src" / "GraphicsLib.c"
      
          if not graphics_lib.exists():
              raise FileNotFoundError(f"GraphicsLib.cãŒè¦‹ã¤ã‹ã‚Šã¾ã›ã‚“: {graphics_lib}")
      
          # SDL3ãƒ•ãƒ©ã‚°ã®æ¤œå‡º
          sdl3_flags = []
          if os.path.exists("/opt/homebrew/include"):
              sdl3_flags = ["-I/opt/homebrew/include", "-L/opt/homebrew/lib"]
          elif os.path.exists("/usr/local/include"):
              sdl3_flags = ["-I/usr/local/include", "-L/usr/local/lib"]
      
          # æœ¬ç•ªãƒ“ãƒ«ãƒ‰
          production_flags = [
              "gcc", "-std=c99", "-Wall", "-Wextra", "-O2",
              str(test_source_file), str(graphics_lib),
              "-o", str(executable),
              *sdl3_flags,
              "-lSDL3", "-lm"
          ]
      
          # ãƒ‡ãƒãƒƒã‚°ãƒ“ãƒ«ãƒ‰
          debug_flags = [
              "gcc", "-std=c99", "-Wall", "-Wextra", "-g", "-O0",
              "-DDEBUG", str(test_source_file), str(graphics_lib),
              "-o", str(debug_executable),
              *sdl3_flags,
              "-lSDL3", "-lm"
          ]
      
          print(f"\nğŸ”¨ ã‚³ãƒ³ãƒ‘ã‚¤ãƒ«ä¸­ï¼ˆSDL3ã‚°ãƒ©ãƒ•ã‚£ãƒƒã‚¯ã‚¹å¯¾å¿œï¼‰...")
          result_prod = subprocess.run(production_flags, capture_output=True, text=True)
          if result_prod.returncode != 0:
              print(f"\nâŒ ã‚³ãƒ³ãƒ‘ã‚¤ãƒ«å¤±æ•—:")
              print(f"STDERR: {result_prod.stderr}")
  >           raise RuntimeError(f"ã‚³ãƒ³ãƒ‘ã‚¤ãƒ«ã‚¨ãƒ©ãƒ¼: {result_prod.stderr}")
  E           RuntimeError: ã‚³ãƒ³ãƒ‘ã‚¤ãƒ«ã‚¨ãƒ©ãƒ¼: /home.org/administrator/c-programming-runners/actions-runner1/_work/ex8-3-t2500173/ex8-3-t2500173/src/main.c: In function â€˜mainâ€™:
  E           /home.org/administrator/c-programming-runners/actions-runner1/_work/ex8-3-t2500173/ex8-3-t2500173/src/main.c:29:9: warning: implicit declaration of function â€˜Win_FillRectangleâ€™; did you mean â€˜Win_FillRectâ€™? [-Wimplicit-function-declaration]
  E              29 |         Win_FillRectangle(x, y, x + size, y + size, colors[i]);
  E                 |         ^~~~~~~~~~~~~~~~~
  E                 |         Win_FillRect
  E           /usr/bin/ld: /tmp/ccnt8y5P.o: in function `main':
  E           main.c:(.text.startup+0x125): undefined reference to `Win_FillRectangle'
  E           /usr/bin/ld: main.c:(.text.startup+0x194): undefined reference to `Win_FillRectangle'
  E           collect2: error: ld returned 1 exit status
  
  test_exercise_8_3.py:127: RuntimeError
  ---------------------------- Captured stdout setup -----------------------------
  
  ======================================================================
  ğŸš€ ex8-3-t2500173ã®ãƒ†ã‚¹ãƒˆã‚¹ã‚¤ãƒ¼ãƒˆ
  ======================================================================
  ğŸ“ èª²é¡Œãƒ‡ã‚£ãƒ¬ã‚¯ãƒˆãƒª: /home.org/administrator/c-programming-runners/actions-runner1/_work/ex8-3-t2500173/ex8-3-t2500173
  ğŸ“„ ãƒ†ã‚¹ãƒˆå¯¾è±¡ã‚½ãƒ¼ã‚¹ãƒ•ã‚¡ã‚¤ãƒ«: main.c
  ğŸ”§ å®Ÿè¡Œãƒ•ã‚¡ã‚¤ãƒ«: ex8-3-t2500173_main
  
  ğŸ”¨ ã‚³ãƒ³ãƒ‘ã‚¤ãƒ«ä¸­ï¼ˆSDL3ã‚°ãƒ©ãƒ•ã‚£ãƒƒã‚¯ã‚¹å¯¾å¿œï¼‰...
  
  âŒ ã‚³ãƒ³ãƒ‘ã‚¤ãƒ«å¤±æ•—:
  STDERR: /home.org/administrator/c-programming-runners/actions-runner1/_work/ex8-3-t2500173/ex8-3-t2500173/src/main.c: In function â€˜mainâ€™:
  /home.org/administrator/c-programming-runners/actions-runner1/_work/ex8-3-t2500173/ex8-3-t2500173/src/main.c:29:9: warning: implicit declaration of function â€˜Win_FillRectangleâ€™; did you mean â€˜Win_FillRectâ€™? [-Wimplicit-function-declaration]
     29 |         Win_FillRectangle(x, y, x + size, y + size, colors[i]);
        |         ^~~~~~~~~~~~~~~~~
        |         Win_FillRect
  /usr/bin/ld: /tmp/ccnt8y5P.o: in function `main':
  main.c:(.text.startup+0x125): undefined reference to `Win_FillRectangle'
  /usr/bin/ld: main.c:(.text.startup+0x194): undefined reference to `Win_FillRectangle'
  collect2: error: ld returned 1 exit status
  
  =========================== short test summary info ============================
  ERROR test_exercise_8_3.py::test_01_for_loop_usage - RuntimeError: ã‚³ãƒ³ãƒ‘ã‚¤ãƒ«ã‚¨ãƒ©ãƒ¼: /home.org/administrator/c-programming-runne...
  =============================== 1 error in 0.24s ===============================
  
âŒ ãƒ†ã‚¹ãƒˆ1: foræ–‡ã®ä½¿ç”¨ç¢ºèª
::error::Error: Exit with code: 1 and signal: null
ğŸ“ ãƒ†ã‚¹ãƒˆ2: whileæ–‡ã®ä¸ä½¿ç”¨ç¢ºèª


  ============================= test session starts ==============================
  platform linux -- Python 3.10.12, pytest-8.4.2, pluggy-1.6.0 -- /usr/bin/python3
  cachedir: .pytest_cache
  rootdir: /home.org/administrator/c-programming-runners/actions-runner1/_work/ex8-3-t2500173/ex8-3-t2500173/tests
  collecting ... collected 1 item
  
  test_exercise_8_3.py::test_02_no_while_loop ERROR                        [100%]
  
  ==================================== ERRORS ====================================
  ___________________ ERROR at setup of test_02_no_while_loop ____________________
  
  module = <module 'test_exercise_8_3' from '/home.org/administrator/c-programming-runners/actions-runner1/_work/ex8-3-t2500173/ex8-3-t2500173/tests/test_exercise_8_3.py'>
  
      def setup_module(module):
          """ãƒ†ã‚¹ãƒˆç’°å¢ƒã®ã‚»ãƒƒãƒˆã‚¢ãƒƒãƒ—ï¼ˆã‚³ãƒ³ãƒ‘ã‚¤ãƒ«å«ã‚€ï¼‰"""
          global exercise_dir, src_file, executable, debug_executable, test_source_file
      
          exercise_dir = Path(__file__).parent.parent
          exercise_name = exercise_dir.name
      
          # ã‚½ãƒ¼ã‚¹ãƒ•ã‚¡ã‚¤ãƒ«ã®æ±ºå®š
          src_dir = exercise_dir / "src"
          if not src_dir.exists():
              raise FileNotFoundError(f"srcãƒ‡ã‚£ãƒ¬ã‚¯ãƒˆãƒªãŒè¦‹ã¤ã‹ã‚Šã¾ã›ã‚“: {src_dir}")
      
          # ã‚³ãƒãƒ³ãƒ‰ãƒ©ã‚¤ãƒ³å¼•æ•°ã¾ãŸã¯ç’°å¢ƒå¤‰æ•°ã‹ã‚‰ã‚½ãƒ¼ã‚¹ãƒ•ã‚¡ã‚¤ãƒ«ã‚’å–å¾—
          parser = argparse.ArgumentParser()
          parser.add_argument('--source', default=None, help='ãƒ†ã‚¹ãƒˆã™ã‚‹ã‚½ãƒ¼ã‚¹ãƒ•ã‚¡ã‚¤ãƒ«')
          args, unknown = parser.parse_known_args()
      
          source_filename = (
              args.source or
              os.environ.get('SOURCE_FILE') or
              'main.c'
          )
      
          test_source_file = src_dir / source_filename
      
          if not test_source_file.exists():
              raise FileNotFoundError(f"ã‚½ãƒ¼ã‚¹ãƒ•ã‚¡ã‚¤ãƒ«ãŒè¦‹ã¤ã‹ã‚Šã¾ã›ã‚“: {test_source_file}")
      
          # å®Ÿè¡Œãƒ•ã‚¡ã‚¤ãƒ«åã‚’å‹•çš„ã«ç”Ÿæˆ
          base_name = test_source_file.stem
          executable = exercise_dir / f"{exercise_name}_{base_name}"
          debug_executable = exercise_dir / f"{exercise_name}_{base_name}_debug"
      
          print(f"\n{'='*70}")
          print(f"ğŸš€ {exercise_name}ã®ãƒ†ã‚¹ãƒˆã‚¹ã‚¤ãƒ¼ãƒˆ")
          print(f"{'='*70}")
          print(f"ğŸ“ èª²é¡Œãƒ‡ã‚£ãƒ¬ã‚¯ãƒˆãƒª: {exercise_dir}")
          print(f"ğŸ“„ ãƒ†ã‚¹ãƒˆå¯¾è±¡ã‚½ãƒ¼ã‚¹ãƒ•ã‚¡ã‚¤ãƒ«: {test_source_file.name}")
          print(f"ğŸ”§ å®Ÿè¡Œãƒ•ã‚¡ã‚¤ãƒ«: {executable.name}")
      
          # ã‚³ãƒ³ãƒ‘ã‚¤ãƒ«å®Ÿè¡Œ
  >       _compile_programs()
  
  test_exercise_8_3.py:79: 
  _ _ _ _ _ _ _ _ _ _ _ _ _ _ _ _ _ _ _ _ _ _ _ _ _ _ _ _ _ _ _ _ _ _ _ _ _ _ _ _ 
  
      def _compile_programs():
          """ã‚³ãƒ³ãƒ‘ã‚¤ãƒ«å®Ÿè¡Œï¼ˆSDL3å¯¾å¿œï¼‰"""
          # GraphicsLib.cã®ãƒ‘ã‚¹
          graphics_lib = exercise_dir / "src" / "GraphicsLib.c"
      
          if not graphics_lib.exists():
              raise FileNotFoundError(f"GraphicsLib.cãŒè¦‹ã¤ã‹ã‚Šã¾ã›ã‚“: {graphics_lib}")
      
          # SDL3ãƒ•ãƒ©ã‚°ã®æ¤œå‡º
          sdl3_flags = []
          if os.path.exists("/opt/homebrew/include"):
              sdl3_flags = ["-I/opt/homebrew/include", "-L/opt/homebrew/lib"]
          elif os.path.exists("/usr/local/include"):
              sdl3_flags = ["-I/usr/local/include", "-L/usr/local/lib"]
      
          # æœ¬ç•ªãƒ“ãƒ«ãƒ‰
          production_flags = [
              "gcc", "-std=c99", "-Wall", "-Wextra", "-O2",
              str(test_source_file), str(graphics_lib),
              "-o", str(executable),
              *sdl3_flags,
              "-lSDL3", "-lm"
          ]
      
          # ãƒ‡ãƒãƒƒã‚°ãƒ“ãƒ«ãƒ‰
          debug_flags = [
              "gcc", "-std=c99", "-Wall", "-Wextra", "-g", "-O0",
              "-DDEBUG", str(test_source_file), str(graphics_lib),
              "-o", str(debug_executable),
              *sdl3_flags,
              "-lSDL3", "-lm"
          ]
      
          print(f"\nğŸ”¨ ã‚³ãƒ³ãƒ‘ã‚¤ãƒ«ä¸­ï¼ˆSDL3ã‚°ãƒ©ãƒ•ã‚£ãƒƒã‚¯ã‚¹å¯¾å¿œï¼‰...")
          result_prod = subprocess.run(production_flags, capture_output=True, text=True)
          if result_prod.returncode != 0:
              print(f"\nâŒ ã‚³ãƒ³ãƒ‘ã‚¤ãƒ«å¤±æ•—:")
              print(f"STDERR: {result_prod.stderr}")
  >           raise RuntimeError(f"ã‚³ãƒ³ãƒ‘ã‚¤ãƒ«ã‚¨ãƒ©ãƒ¼: {result_prod.stderr}")
  E           RuntimeError: ã‚³ãƒ³ãƒ‘ã‚¤ãƒ«ã‚¨ãƒ©ãƒ¼: /home.org/administrator/c-programming-runners/actions-runner1/_work/ex8-3-t2500173/ex8-3-t2500173/src/main.c: In function â€˜mainâ€™:
  E           /home.org/administrator/c-programming-runners/actions-runner1/_work/ex8-3-t2500173/ex8-3-t2500173/src/main.c:29:9: warning: implicit declaration of function â€˜Win_FillRectangleâ€™; did you mean â€˜Win_FillRectâ€™? [-Wimplicit-function-declaration]
  E              29 |         Win_FillRectangle(x, y, x + size, y + size, colors[i]);
  E                 |         ^~~~~~~~~~~~~~~~~
  E                 |         Win_FillRect
  E           /usr/bin/ld: /tmp/cchidkSW.o: in function `main':
  E           main.c:(.text.startup+0x125): undefined reference to `Win_FillRectangle'
  E           /usr/bin/ld: main.c:(.text.startup+0x194): undefined reference to `Win_FillRectangle'
  E           collect2: error: ld returned 1 exit status
  
  test_exercise_8_3.py:127: RuntimeError
  ---------------------------- Captured stdout setup -----------------------------
  
  ======================================================================
  ğŸš€ ex8-3-t2500173ã®ãƒ†ã‚¹ãƒˆã‚¹ã‚¤ãƒ¼ãƒˆ
  ======================================================================
  ğŸ“ èª²é¡Œãƒ‡ã‚£ãƒ¬ã‚¯ãƒˆãƒª: /home.org/administrator/c-programming-runners/actions-runner1/_work/ex8-3-t2500173/ex8-3-t2500173
  ğŸ“„ ãƒ†ã‚¹ãƒˆå¯¾è±¡ã‚½ãƒ¼ã‚¹ãƒ•ã‚¡ã‚¤ãƒ«: main.c
  ğŸ”§ å®Ÿè¡Œãƒ•ã‚¡ã‚¤ãƒ«: ex8-3-t2500173_main
  
  ğŸ”¨ ã‚³ãƒ³ãƒ‘ã‚¤ãƒ«ä¸­ï¼ˆSDL3ã‚°ãƒ©ãƒ•ã‚£ãƒƒã‚¯ã‚¹å¯¾å¿œï¼‰...
  
  âŒ ã‚³ãƒ³ãƒ‘ã‚¤ãƒ«å¤±æ•—:
  STDERR: /home.org/administrator/c-programming-runners/actions-runner1/_work/ex8-3-t2500173/ex8-3-t2500173/src/main.c: In function â€˜mainâ€™:
  /home.org/administrator/c-programming-runners/actions-runner1/_work/ex8-3-t2500173/ex8-3-t2500173/src/main.c:29:9: warning: implicit declaration of function â€˜Win_FillRectangleâ€™; did you mean â€˜Win_FillRectâ€™? [-Wimplicit-function-declaration]
     29 |         Win_FillRectangle(x, y, x + size, y + size, colors[i]);
        |         ^~~~~~~~~~~~~~~~~
        |         Win_FillRect
  /usr/bin/ld: /tmp/cchidkSW.o: in function `main':
  main.c:(.text.startup+0x125): undefined reference to `Win_FillRectangle'
  /usr/bin/ld: main.c:(.text.startup+0x194): undefined reference to `Win_FillRectangle'
  collect2: error: ld returned 1 exit status
  
  =========================== short test summary info ============================
  ERROR test_exercise_8_3.py::test_02_no_while_loop - RuntimeError: ã‚³ãƒ³ãƒ‘ã‚¤ãƒ«ã‚¨ãƒ©ãƒ¼: /home.org/administrator/c-programming-runne...
  =============================== 1 error in 0.23s ===============================
  
âŒ ãƒ†ã‚¹ãƒˆ2: whileæ–‡ã®ä¸ä½¿ç”¨ç¢ºèª
::error::Error: Exit with code: 1 and signal: null
ğŸ“ ãƒ†ã‚¹ãƒˆ3: ãƒ•ã‚£ãƒœãƒŠãƒƒãƒæ•°åˆ—ç”Ÿæˆç¢ºèª


  ============================= test session starts ==============================
  platform linux -- Python 3.10.12, pytest-8.4.2, pluggy-1.6.0 -- /usr/bin/python3
  cachedir: .pytest_cache
  rootdir: /home.org/administrator/c-programming-runners/actions-runner1/_work/ex8-3-t2500173/ex8-3-t2500173/tests
  collecting ... collected 1 item
  
  test_exercise_8_3.py::test_03_fibonacci_generation ERROR                 [100%]
  
  ==================================== ERRORS ====================================
  ________________ ERROR at setup of test_03_fibonacci_generation ________________
  
  module = <module 'test_exercise_8_3' from '/home.org/administrator/c-programming-runners/actions-runner1/_work/ex8-3-t2500173/ex8-3-t2500173/tests/test_exercise_8_3.py'>
  
      def setup_module(module):
          """ãƒ†ã‚¹ãƒˆç’°å¢ƒã®ã‚»ãƒƒãƒˆã‚¢ãƒƒãƒ—ï¼ˆã‚³ãƒ³ãƒ‘ã‚¤ãƒ«å«ã‚€ï¼‰"""
          global exercise_dir, src_file, executable, debug_executable, test_source_file
      
          exercise_dir = Path(__file__).parent.parent
          exercise_name = exercise_dir.name
      
          # ã‚½ãƒ¼ã‚¹ãƒ•ã‚¡ã‚¤ãƒ«ã®æ±ºå®š
          src_dir = exercise_dir / "src"
          if not src_dir.exists():
              raise FileNotFoundError(f"srcãƒ‡ã‚£ãƒ¬ã‚¯ãƒˆãƒªãŒè¦‹ã¤ã‹ã‚Šã¾ã›ã‚“: {src_dir}")
      
          # ã‚³ãƒãƒ³ãƒ‰ãƒ©ã‚¤ãƒ³å¼•æ•°ã¾ãŸã¯ç’°å¢ƒå¤‰æ•°ã‹ã‚‰ã‚½ãƒ¼ã‚¹ãƒ•ã‚¡ã‚¤ãƒ«ã‚’å–å¾—
          parser = argparse.ArgumentParser()
          parser.add_argument('--source', default=None, help='ãƒ†ã‚¹ãƒˆã™ã‚‹ã‚½ãƒ¼ã‚¹ãƒ•ã‚¡ã‚¤ãƒ«')
          args, unknown = parser.parse_known_args()
      
          source_filename = (
              args.source or
              os.environ.get('SOURCE_FILE') or
              'main.c'
          )
      
          test_source_file = src_dir / source_filename
      
          if not test_source_file.exists():
              raise FileNotFoundError(f"ã‚½ãƒ¼ã‚¹ãƒ•ã‚¡ã‚¤ãƒ«ãŒè¦‹ã¤ã‹ã‚Šã¾ã›ã‚“: {test_source_file}")
      
          # å®Ÿè¡Œãƒ•ã‚¡ã‚¤ãƒ«åã‚’å‹•çš„ã«ç”Ÿæˆ
          base_name = test_source_file.stem
          executable = exercise_dir / f"{exercise_name}_{base_name}"
          debug_executable = exercise_dir / f"{exercise_name}_{base_name}_debug"
      
          print(f"\n{'='*70}")
          print(f"ğŸš€ {exercise_name}ã®ãƒ†ã‚¹ãƒˆã‚¹ã‚¤ãƒ¼ãƒˆ")
          print(f"{'='*70}")
          print(f"ğŸ“ èª²é¡Œãƒ‡ã‚£ãƒ¬ã‚¯ãƒˆãƒª: {exercise_dir}")
          print(f"ğŸ“„ ãƒ†ã‚¹ãƒˆå¯¾è±¡ã‚½ãƒ¼ã‚¹ãƒ•ã‚¡ã‚¤ãƒ«: {test_source_file.name}")
          print(f"ğŸ”§ å®Ÿè¡Œãƒ•ã‚¡ã‚¤ãƒ«: {executable.name}")
      
          # ã‚³ãƒ³ãƒ‘ã‚¤ãƒ«å®Ÿè¡Œ
  >       _compile_programs()
  
  test_exercise_8_3.py:79: 
  _ _ _ _ _ _ _ _ _ _ _ _ _ _ _ _ _ _ _ _ _ _ _ _ _ _ _ _ _ _ _ _ _ _ _ _ _ _ _ _ 
  
      def _compile_programs():
          """ã‚³ãƒ³ãƒ‘ã‚¤ãƒ«å®Ÿè¡Œï¼ˆSDL3å¯¾å¿œï¼‰"""
          # GraphicsLib.cã®ãƒ‘ã‚¹
          graphics_lib = exercise_dir / "src" / "GraphicsLib.c"
      
          if not graphics_lib.exists():
              raise FileNotFoundError(f"GraphicsLib.cãŒè¦‹ã¤ã‹ã‚Šã¾ã›ã‚“: {graphics_lib}")
      
          # SDL3ãƒ•ãƒ©ã‚°ã®æ¤œå‡º
          sdl3_flags = []
          if os.path.exists("/opt/homebrew/include"):
              sdl3_flags = ["-I/opt/homebrew/include", "-L/opt/homebrew/lib"]
          elif os.path.exists("/usr/local/include"):
              sdl3_flags = ["-I/usr/local/include", "-L/usr/local/lib"]
      
          # æœ¬ç•ªãƒ“ãƒ«ãƒ‰
          production_flags = [
              "gcc", "-std=c99", "-Wall", "-Wextra", "-O2",
              str(test_source_file), str(graphics_lib),
              "-o", str(executable),
              *sdl3_flags,
              "-lSDL3", "-lm"
          ]
      
          # ãƒ‡ãƒãƒƒã‚°ãƒ“ãƒ«ãƒ‰
          debug_flags = [
              "gcc", "-std=c99", "-Wall", "-Wextra", "-g", "-O0",
              "-DDEBUG", str(test_source_file), str(graphics_lib),
              "-o", str(debug_executable),
              *sdl3_flags,
              "-lSDL3", "-lm"
          ]
      
          print(f"\nğŸ”¨ ã‚³ãƒ³ãƒ‘ã‚¤ãƒ«ä¸­ï¼ˆSDL3ã‚°ãƒ©ãƒ•ã‚£ãƒƒã‚¯ã‚¹å¯¾å¿œï¼‰...")
          result_prod = subprocess.run(production_flags, capture_output=True, text=True)
          if result_prod.returncode != 0:
              print(f"\nâŒ ã‚³ãƒ³ãƒ‘ã‚¤ãƒ«å¤±æ•—:")
              print(f"STDERR: {result_prod.stderr}")
  >           raise RuntimeError(f"ã‚³ãƒ³ãƒ‘ã‚¤ãƒ«ã‚¨ãƒ©ãƒ¼: {result_prod.stderr}")
  E           RuntimeError: ã‚³ãƒ³ãƒ‘ã‚¤ãƒ«ã‚¨ãƒ©ãƒ¼: /home.org/administrator/c-programming-runners/actions-runner1/_work/ex8-3-t2500173/ex8-3-t2500173/src/main.c: In function â€˜mainâ€™:
  E           /home.org/administrator/c-programming-runners/actions-runner1/_work/ex8-3-t2500173/ex8-3-t2500173/src/main.c:29:9: warning: implicit declaration of function â€˜Win_FillRectangleâ€™; did you mean â€˜Win_FillRectâ€™? [-Wimplicit-function-declaration]
  E              29 |         Win_FillRectangle(x, y, x + size, y + size, colors[i]);
  E                 |         ^~~~~~~~~~~~~~~~~
  E                 |         Win_FillRect
  E           /usr/bin/ld: /tmp/cc7eKiV9.o: in function `main':
  E           main.c:(.text.startup+0x125): undefined reference to `Win_FillRectangle'
  E           /usr/bin/ld: main.c:(.text.startup+0x194): undefined reference to `Win_FillRectangle'
  E           collect2: error: ld returned 1 exit status
  
  test_exercise_8_3.py:127: RuntimeError
  ---------------------------- Captured stdout setup -----------------------------
  
  ======================================================================
  ğŸš€ ex8-3-t2500173ã®ãƒ†ã‚¹ãƒˆã‚¹ã‚¤ãƒ¼ãƒˆ
  ======================================================================
  ğŸ“ èª²é¡Œãƒ‡ã‚£ãƒ¬ã‚¯ãƒˆãƒª: /home.org/administrator/c-programming-runners/actions-runner1/_work/ex8-3-t2500173/ex8-3-t2500173
  ğŸ“„ ãƒ†ã‚¹ãƒˆå¯¾è±¡ã‚½ãƒ¼ã‚¹ãƒ•ã‚¡ã‚¤ãƒ«: main.c
  ğŸ”§ å®Ÿè¡Œãƒ•ã‚¡ã‚¤ãƒ«: ex8-3-t2500173_main
  
  ğŸ”¨ ã‚³ãƒ³ãƒ‘ã‚¤ãƒ«ä¸­ï¼ˆSDL3ã‚°ãƒ©ãƒ•ã‚£ãƒƒã‚¯ã‚¹å¯¾å¿œï¼‰...
  
  âŒ ã‚³ãƒ³ãƒ‘ã‚¤ãƒ«å¤±æ•—:
  STDERR: /home.org/administrator/c-programming-runners/actions-runner1/_work/ex8-3-t2500173/ex8-3-t2500173/src/main.c: In function â€˜mainâ€™:
  /home.org/administrator/c-programming-runners/actions-runner1/_work/ex8-3-t2500173/ex8-3-t2500173/src/main.c:29:9: warning: implicit declaration of function â€˜Win_FillRectangleâ€™; did you mean â€˜Win_FillRectâ€™? [-Wimplicit-function-declaration]
     29 |         Win_FillRectangle(x, y, x + size, y + size, colors[i]);
        |         ^~~~~~~~~~~~~~~~~
        |         Win_FillRect
  /usr/bin/ld: /tmp/cc7eKiV9.o: in function `main':
  main.c:(.text.startup+0x125): undefined reference to `Win_FillRectangle'
  /usr/bin/ld: main.c:(.text.startup+0x194): undefined reference to `Win_FillRectangle'
  collect2: error: ld returned 1 exit status
  
  =========================== short test summary info ============================
  ERROR test_exercise_8_3.py::test_03_fibonacci_generation - RuntimeError: ã‚³ãƒ³ãƒ‘ã‚¤ãƒ«ã‚¨ãƒ©ãƒ¼: /home.org/administrator/c-programming-runne...
  =============================== 1 error in 0.22s ===============================
  
âŒ ãƒ†ã‚¹ãƒˆ3: ãƒ•ã‚£ãƒœãƒŠãƒƒãƒæ•°åˆ—ç”Ÿæˆç¢ºèª
::error::Error: Exit with code: 1 and signal: null
ğŸ“ ãƒ†ã‚¹ãƒˆ4: GraphicsLibé–¢æ•°ä½¿ç”¨ç¢ºèª


  ============================= test session starts ==============================
  platform linux -- Python 3.10.12, pytest-8.4.2, pluggy-1.6.0 -- /usr/bin/python3
  cachedir: .pytest_cache
  rootdir: /home.org/administrator/c-programming-runners/actions-runner1/_work/ex8-3-t2500173/ex8-3-t2500173/tests
  collecting ... collected 1 item
  
  test_exercise_8_3.py::test_04_graphics_lib_functions ERROR               [100%]
  
  ==================================== ERRORS ====================================
  _______________ ERROR at setup of test_04_graphics_lib_functions _______________
  
  module = <module 'test_exercise_8_3' from '/home.org/administrator/c-programming-runners/actions-runner1/_work/ex8-3-t2500173/ex8-3-t2500173/tests/test_exercise_8_3.py'>
  
      def setup_module(module):
          """ãƒ†ã‚¹ãƒˆç’°å¢ƒã®ã‚»ãƒƒãƒˆã‚¢ãƒƒãƒ—ï¼ˆã‚³ãƒ³ãƒ‘ã‚¤ãƒ«å«ã‚€ï¼‰"""
          global exercise_dir, src_file, executable, debug_executable, test_source_file
      
          exercise_dir = Path(__file__).parent.parent
          exercise_name = exercise_dir.name
      
          # ã‚½ãƒ¼ã‚¹ãƒ•ã‚¡ã‚¤ãƒ«ã®æ±ºå®š
          src_dir = exercise_dir / "src"
          if not src_dir.exists():
              raise FileNotFoundError(f"srcãƒ‡ã‚£ãƒ¬ã‚¯ãƒˆãƒªãŒè¦‹ã¤ã‹ã‚Šã¾ã›ã‚“: {src_dir}")
      
          # ã‚³ãƒãƒ³ãƒ‰ãƒ©ã‚¤ãƒ³å¼•æ•°ã¾ãŸã¯ç’°å¢ƒå¤‰æ•°ã‹ã‚‰ã‚½ãƒ¼ã‚¹ãƒ•ã‚¡ã‚¤ãƒ«ã‚’å–å¾—
          parser = argparse.ArgumentParser()
          parser.add_argument('--source', default=None, help='ãƒ†ã‚¹ãƒˆã™ã‚‹ã‚½ãƒ¼ã‚¹ãƒ•ã‚¡ã‚¤ãƒ«')
          args, unknown = parser.parse_known_args()
      
          source_filename = (
              args.source or
              os.environ.get('SOURCE_FILE') or
              'main.c'
          )
      
          test_source_file = src_dir / source_filename
      
          if not test_source_file.exists():
              raise FileNotFoundError(f"ã‚½ãƒ¼ã‚¹ãƒ•ã‚¡ã‚¤ãƒ«ãŒè¦‹ã¤ã‹ã‚Šã¾ã›ã‚“: {test_source_file}")
      
          # å®Ÿè¡Œãƒ•ã‚¡ã‚¤ãƒ«åã‚’å‹•çš„ã«ç”Ÿæˆ
          base_name = test_source_file.stem
          executable = exercise_dir / f"{exercise_name}_{base_name}"
          debug_executable = exercise_dir / f"{exercise_name}_{base_name}_debug"
      
          print(f"\n{'='*70}")
          print(f"ğŸš€ {exercise_name}ã®ãƒ†ã‚¹ãƒˆã‚¹ã‚¤ãƒ¼ãƒˆ")
          print(f"{'='*70}")
          print(f"ğŸ“ èª²é¡Œãƒ‡ã‚£ãƒ¬ã‚¯ãƒˆãƒª: {exercise_dir}")
          print(f"ğŸ“„ ãƒ†ã‚¹ãƒˆå¯¾è±¡ã‚½ãƒ¼ã‚¹ãƒ•ã‚¡ã‚¤ãƒ«: {test_source_file.name}")
          print(f"ğŸ”§ å®Ÿè¡Œãƒ•ã‚¡ã‚¤ãƒ«: {executable.name}")
      
          # ã‚³ãƒ³ãƒ‘ã‚¤ãƒ«å®Ÿè¡Œ
  >       _compile_programs()
  
  test_exercise_8_3.py:79: 
  _ _ _ _ _ _ _ _ _ _ _ _ _ _ _ _ _ _ _ _ _ _ _ _ _ _ _ _ _ _ _ _ _ _ _ _ _ _ _ _ 
  
      def _compile_programs():
          """ã‚³ãƒ³ãƒ‘ã‚¤ãƒ«å®Ÿè¡Œï¼ˆSDL3å¯¾å¿œï¼‰"""
          # GraphicsLib.cã®ãƒ‘ã‚¹
          graphics_lib = exercise_dir / "src" / "GraphicsLib.c"
      
          if not graphics_lib.exists():
              raise FileNotFoundError(f"GraphicsLib.cãŒè¦‹ã¤ã‹ã‚Šã¾ã›ã‚“: {graphics_lib}")
      
          # SDL3ãƒ•ãƒ©ã‚°ã®æ¤œå‡º
          sdl3_flags = []
          if os.path.exists("/opt/homebrew/include"):
              sdl3_flags = ["-I/opt/homebrew/include", "-L/opt/homebrew/lib"]
          elif os.path.exists("/usr/local/include"):
              sdl3_flags = ["-I/usr/local/include", "-L/usr/local/lib"]
      
          # æœ¬ç•ªãƒ“ãƒ«ãƒ‰
          production_flags = [
              "gcc", "-std=c99", "-Wall", "-Wextra", "-O2",
              str(test_source_file), str(graphics_lib),
              "-o", str(executable),
              *sdl3_flags,
              "-lSDL3", "-lm"
          ]
      
          # ãƒ‡ãƒãƒƒã‚°ãƒ“ãƒ«ãƒ‰
          debug_flags = [
              "gcc", "-std=c99", "-Wall", "-Wextra", "-g", "-O0",
              "-DDEBUG", str(test_source_file), str(graphics_lib),
              "-o", str(debug_executable),
              *sdl3_flags,
              "-lSDL3", "-lm"
          ]
      
          print(f"\nğŸ”¨ ã‚³ãƒ³ãƒ‘ã‚¤ãƒ«ä¸­ï¼ˆSDL3ã‚°ãƒ©ãƒ•ã‚£ãƒƒã‚¯ã‚¹å¯¾å¿œï¼‰...")
          result_prod = subprocess.run(production_flags, capture_output=True, text=True)
          if result_prod.returncode != 0:
              print(f"\nâŒ ã‚³ãƒ³ãƒ‘ã‚¤ãƒ«å¤±æ•—:")
              print(f"STDERR: {result_prod.stderr}")
  >           raise RuntimeError(f"ã‚³ãƒ³ãƒ‘ã‚¤ãƒ«ã‚¨ãƒ©ãƒ¼: {result_prod.stderr}")
  E           RuntimeError: ã‚³ãƒ³ãƒ‘ã‚¤ãƒ«ã‚¨ãƒ©ãƒ¼: /home.org/administrator/c-programming-runners/actions-runner1/_work/ex8-3-t2500173/ex8-3-t2500173/src/main.c: In function â€˜mainâ€™:
  E           /home.org/administrator/c-programming-runners/actions-runner1/_work/ex8-3-t2500173/ex8-3-t2500173/src/main.c:29:9: warning: implicit declaration of function â€˜Win_FillRectangleâ€™; did you mean â€˜Win_FillRectâ€™? [-Wimplicit-function-declaration]
  E              29 |         Win_FillRectangle(x, y, x + size, y + size, colors[i]);
  E                 |         ^~~~~~~~~~~~~~~~~
  E                 |         Win_FillRect
  E           /usr/bin/ld: /tmp/cc7Bowua.o: in function `main':
  E           main.c:(.text.startup+0x125): undefined reference to `Win_FillRectangle'
  E           /usr/bin/ld: main.c:(.text.startup+0x194): undefined reference to `Win_FillRectangle'
  E           collect2: error: ld returned 1 exit status
  
  test_exercise_8_3.py:127: RuntimeError
  ---------------------------- Captured stdout setup -----------------------------
  
  ======================================================================
  ğŸš€ ex8-3-t2500173ã®ãƒ†ã‚¹ãƒˆã‚¹ã‚¤ãƒ¼ãƒˆ
  ======================================================================
  ğŸ“ èª²é¡Œãƒ‡ã‚£ãƒ¬ã‚¯ãƒˆãƒª: /home.org/administrator/c-programming-runners/actions-runner1/_work/ex8-3-t2500173/ex8-3-t2500173
  ğŸ“„ ãƒ†ã‚¹ãƒˆå¯¾è±¡ã‚½ãƒ¼ã‚¹ãƒ•ã‚¡ã‚¤ãƒ«: main.c
  ğŸ”§ å®Ÿè¡Œãƒ•ã‚¡ã‚¤ãƒ«: ex8-3-t2500173_main
  
  ğŸ”¨ ã‚³ãƒ³ãƒ‘ã‚¤ãƒ«ä¸­ï¼ˆSDL3ã‚°ãƒ©ãƒ•ã‚£ãƒƒã‚¯ã‚¹å¯¾å¿œï¼‰...
  
  âŒ ã‚³ãƒ³ãƒ‘ã‚¤ãƒ«å¤±æ•—:
  STDERR: /home.org/administrator/c-programming-runners/actions-runner1/_work/ex8-3-t2500173/ex8-3-t2500173/src/main.c: In function â€˜mainâ€™:
  /home.org/administrator/c-programming-runners/actions-runner1/_work/ex8-3-t2500173/ex8-3-t2500173/src/main.c:29:9: warning: implicit declaration of function â€˜Win_FillRectangleâ€™; did you mean â€˜Win_FillRectâ€™? [-Wimplicit-function-declaration]
     29 |         Win_FillRectangle(x, y, x + size, y + size, colors[i]);
        |         ^~~~~~~~~~~~~~~~~
        |         Win_FillRect
  /usr/bin/ld: /tmp/cc7Bowua.o: in function `main':
  main.c:(.text.startup+0x125): undefined reference to `Win_FillRectangle'
  /usr/bin/ld: main.c:(.text.startup+0x194): undefined reference to `Win_FillRectangle'
  collect2: error: ld returned 1 exit status
  
  =========================== short test summary info ============================
  ERROR test_exercise_8_3.py::test_04_graphics_lib_functions - RuntimeError: ã‚³ãƒ³ãƒ‘ã‚¤ãƒ«ã‚¨ãƒ©ãƒ¼: /home.org/administrator/c-programming-runne...
  =============================== 1 error in 0.23s ===============================
  
âŒ ãƒ†ã‚¹ãƒˆ4: GraphicsLibé–¢æ•°ä½¿ç”¨ç¢ºèª
::error::Error: Exit with code: 1 and signal: null
ğŸ“ ãƒ†ã‚¹ãƒˆ5: Win_FillRectä½¿ç”¨ç¢ºèª


  ============================= test session starts ==============================
  platform linux -- Python 3.10.12, pytest-8.4.2, pluggy-1.6.0 -- /usr/bin/python3
  cachedir: .pytest_cache
  rootdir: /home.org/administrator/c-programming-runners/actions-runner1/_work/ex8-3-t2500173/ex8-3-t2500173/tests
  collecting ... collected 1 item
  
  test_exercise_8_3.py::test_05_fillrect_usage ERROR                       [100%]
  
  ==================================== ERRORS ====================================
  ___________________ ERROR at setup of test_05_fillrect_usage ___________________
  
  module = <module 'test_exercise_8_3' from '/home.org/administrator/c-programming-runners/actions-runner1/_work/ex8-3-t2500173/ex8-3-t2500173/tests/test_exercise_8_3.py'>
  
      def setup_module(module):
          """ãƒ†ã‚¹ãƒˆç’°å¢ƒã®ã‚»ãƒƒãƒˆã‚¢ãƒƒãƒ—ï¼ˆã‚³ãƒ³ãƒ‘ã‚¤ãƒ«å«ã‚€ï¼‰"""
          global exercise_dir, src_file, executable, debug_executable, test_source_file
      
          exercise_dir = Path(__file__).parent.parent
          exercise_name = exercise_dir.name
      
          # ã‚½ãƒ¼ã‚¹ãƒ•ã‚¡ã‚¤ãƒ«ã®æ±ºå®š
          src_dir = exercise_dir / "src"
          if not src_dir.exists():
              raise FileNotFoundError(f"srcãƒ‡ã‚£ãƒ¬ã‚¯ãƒˆãƒªãŒè¦‹ã¤ã‹ã‚Šã¾ã›ã‚“: {src_dir}")
      
          # ã‚³ãƒãƒ³ãƒ‰ãƒ©ã‚¤ãƒ³å¼•æ•°ã¾ãŸã¯ç’°å¢ƒå¤‰æ•°ã‹ã‚‰ã‚½ãƒ¼ã‚¹ãƒ•ã‚¡ã‚¤ãƒ«ã‚’å–å¾—
          parser = argparse.ArgumentParser()
          parser.add_argument('--source', default=None, help='ãƒ†ã‚¹ãƒˆã™ã‚‹ã‚½ãƒ¼ã‚¹ãƒ•ã‚¡ã‚¤ãƒ«')
          args, unknown = parser.parse_known_args()
      
          source_filename = (
              args.source or
              os.environ.get('SOURCE_FILE') or
              'main.c'
          )
      
          test_source_file = src_dir / source_filename
      
          if not test_source_file.exists():
              raise FileNotFoundError(f"ã‚½ãƒ¼ã‚¹ãƒ•ã‚¡ã‚¤ãƒ«ãŒè¦‹ã¤ã‹ã‚Šã¾ã›ã‚“: {test_source_file}")
      
          # å®Ÿè¡Œãƒ•ã‚¡ã‚¤ãƒ«åã‚’å‹•çš„ã«ç”Ÿæˆ
          base_name = test_source_file.stem
          executable = exercise_dir / f"{exercise_name}_{base_name}"
          debug_executable = exercise_dir / f"{exercise_name}_{base_name}_debug"
      
          print(f"\n{'='*70}")
          print(f"ğŸš€ {exercise_name}ã®ãƒ†ã‚¹ãƒˆã‚¹ã‚¤ãƒ¼ãƒˆ")
          print(f"{'='*70}")
          print(f"ğŸ“ èª²é¡Œãƒ‡ã‚£ãƒ¬ã‚¯ãƒˆãƒª: {exercise_dir}")
          print(f"ğŸ“„ ãƒ†ã‚¹ãƒˆå¯¾è±¡ã‚½ãƒ¼ã‚¹ãƒ•ã‚¡ã‚¤ãƒ«: {test_source_file.name}")
          print(f"ğŸ”§ å®Ÿè¡Œãƒ•ã‚¡ã‚¤ãƒ«: {executable.name}")
      
          # ã‚³ãƒ³ãƒ‘ã‚¤ãƒ«å®Ÿè¡Œ
  >       _compile_programs()
  
  test_exercise_8_3.py:79: 
  _ _ _ _ _ _ _ _ _ _ _ _ _ _ _ _ _ _ _ _ _ _ _ _ _ _ _ _ _ _ _ _ _ _ _ _ _ _ _ _ 
  
      def _compile_programs():
          """ã‚³ãƒ³ãƒ‘ã‚¤ãƒ«å®Ÿè¡Œï¼ˆSDL3å¯¾å¿œï¼‰"""
          # GraphicsLib.cã®ãƒ‘ã‚¹
          graphics_lib = exercise_dir / "src" / "GraphicsLib.c"
      
          if not graphics_lib.exists():
              raise FileNotFoundError(f"GraphicsLib.cãŒè¦‹ã¤ã‹ã‚Šã¾ã›ã‚“: {graphics_lib}")
      
          # SDL3ãƒ•ãƒ©ã‚°ã®æ¤œå‡º
          sdl3_flags = []
          if os.path.exists("/opt/homebrew/include"):
              sdl3_flags = ["-I/opt/homebrew/include", "-L/opt/homebrew/lib"]
          elif os.path.exists("/usr/local/include"):
              sdl3_flags = ["-I/usr/local/include", "-L/usr/local/lib"]
      
          # æœ¬ç•ªãƒ“ãƒ«ãƒ‰
          production_flags = [
              "gcc", "-std=c99", "-Wall", "-Wextra", "-O2",
              str(test_source_file), str(graphics_lib),
              "-o", str(executable),
              *sdl3_flags,
              "-lSDL3", "-lm"
          ]
      
          # ãƒ‡ãƒãƒƒã‚°ãƒ“ãƒ«ãƒ‰
          debug_flags = [
              "gcc", "-std=c99", "-Wall", "-Wextra", "-g", "-O0",
              "-DDEBUG", str(test_source_file), str(graphics_lib),
              "-o", str(debug_executable),
              *sdl3_flags,
              "-lSDL3", "-lm"
          ]
      
          print(f"\nğŸ”¨ ã‚³ãƒ³ãƒ‘ã‚¤ãƒ«ä¸­ï¼ˆSDL3ã‚°ãƒ©ãƒ•ã‚£ãƒƒã‚¯ã‚¹å¯¾å¿œï¼‰...")
          result_prod = subprocess.run(production_flags, capture_output=True, text=True)
          if result_prod.returncode != 0:
              print(f"\nâŒ ã‚³ãƒ³ãƒ‘ã‚¤ãƒ«å¤±æ•—:")
              print(f"STDERR: {result_prod.stderr}")
  >           raise RuntimeError(f"ã‚³ãƒ³ãƒ‘ã‚¤ãƒ«ã‚¨ãƒ©ãƒ¼: {result_prod.stderr}")
  E           RuntimeError: ã‚³ãƒ³ãƒ‘ã‚¤ãƒ«ã‚¨ãƒ©ãƒ¼: /home.org/administrator/c-programming-runners/actions-runner1/_work/ex8-3-t2500173/ex8-3-t2500173/src/main.c: In function â€˜mainâ€™:
  E           /home.org/administrator/c-programming-runners/actions-runner1/_work/ex8-3-t2500173/ex8-3-t2500173/src/main.c:29:9: warning: implicit declaration of function â€˜Win_FillRectangleâ€™; did you mean â€˜Win_FillRectâ€™? [-Wimplicit-function-declaration]
  E              29 |         Win_FillRectangle(x, y, x + size, y + size, colors[i]);
  E                 |         ^~~~~~~~~~~~~~~~~
  E                 |         Win_FillRect
  E           /usr/bin/ld: /tmp/ccf7nY7Z.o: in function `main':
  E           main.c:(.text.startup+0x125): undefined reference to `Win_FillRectangle'
  E           /usr/bin/ld: main.c:(.text.startup+0x194): undefined reference to `Win_FillRectangle'
  E           collect2: error: ld returned 1 exit status
  
  test_exercise_8_3.py:127: RuntimeError
  ---------------------------- Captured stdout setup -----------------------------
  
  ======================================================================
  ğŸš€ ex8-3-t2500173ã®ãƒ†ã‚¹ãƒˆã‚¹ã‚¤ãƒ¼ãƒˆ
  ======================================================================
  ğŸ“ èª²é¡Œãƒ‡ã‚£ãƒ¬ã‚¯ãƒˆãƒª: /home.org/administrator/c-programming-runners/actions-runner1/_work/ex8-3-t2500173/ex8-3-t2500173
  ğŸ“„ ãƒ†ã‚¹ãƒˆå¯¾è±¡ã‚½ãƒ¼ã‚¹ãƒ•ã‚¡ã‚¤ãƒ«: main.c
  ğŸ”§ å®Ÿè¡Œãƒ•ã‚¡ã‚¤ãƒ«: ex8-3-t2500173_main
  
  ğŸ”¨ ã‚³ãƒ³ãƒ‘ã‚¤ãƒ«ä¸­ï¼ˆSDL3ã‚°ãƒ©ãƒ•ã‚£ãƒƒã‚¯ã‚¹å¯¾å¿œï¼‰...
  
  âŒ ã‚³ãƒ³ãƒ‘ã‚¤ãƒ«å¤±æ•—:
  STDERR: /home.org/administrator/c-programming-runners/actions-runner1/_work/ex8-3-t2500173/ex8-3-t2500173/src/main.c: In function â€˜mainâ€™:
  /home.org/administrator/c-programming-runners/actions-runner1/_work/ex8-3-t2500173/ex8-3-t2500173/src/main.c:29:9: warning: implicit declaration of function â€˜Win_FillRectangleâ€™; did you mean â€˜Win_FillRectâ€™? [-Wimplicit-function-declaration]
     29 |         Win_FillRectangle(x, y, x + size, y + size, colors[i]);
        |         ^~~~~~~~~~~~~~~~~
        |         Win_FillRect
  /usr/bin/ld: /tmp/ccf7nY7Z.o: in function `main':
  main.c:(.text.startup+0x125): undefined reference to `Win_FillRectangle'
  /usr/bin/ld: main.c:(.text.startup+0x194): undefined reference to `Win_FillRectangle'
  collect2: error: ld returned 1 exit status
  
  =========================== short test summary info ============================
  ERROR test_exercise_8_3.py::test_05_fillrect_usage - RuntimeError: ã‚³ãƒ³ãƒ‘ã‚¤ãƒ«ã‚¨ãƒ©ãƒ¼: /home.org/administrator/c-programming-runne...
  =============================== 1 error in 0.24s ===============================
  
âŒ ãƒ†ã‚¹ãƒˆ5: Win_FillRectä½¿ç”¨ç¢ºèª
::error::Error: Exit with code: 1 and signal: null
ğŸ“ ãƒ†ã‚¹ãƒˆ6: Win_Lineä½¿ç”¨ç¢ºèª


  ============================= test session starts ==============================
  platform linux -- Python 3.10.12, pytest-8.4.2, pluggy-1.6.0 -- /usr/bin/python3
  cachedir: .pytest_cache
  rootdir: /home.org/administrator/c-programming-runners/actions-runner1/_work/ex8-3-t2500173/ex8-3-t2500173/tests
  collecting ... collected 1 item
  
  test_exercise_8_3.py::test_06_line_usage ERROR                           [100%]
  
  ==================================== ERRORS ====================================
  _____________________ ERROR at setup of test_06_line_usage _____________________
  
  module = <module 'test_exercise_8_3' from '/home.org/administrator/c-programming-runners/actions-runner1/_work/ex8-3-t2500173/ex8-3-t2500173/tests/test_exercise_8_3.py'>
  
      def setup_module(module):
          """ãƒ†ã‚¹ãƒˆç’°å¢ƒã®ã‚»ãƒƒãƒˆã‚¢ãƒƒãƒ—ï¼ˆã‚³ãƒ³ãƒ‘ã‚¤ãƒ«å«ã‚€ï¼‰"""
          global exercise_dir, src_file, executable, debug_executable, test_source_file
      
          exercise_dir = Path(__file__).parent.parent
          exercise_name = exercise_dir.name
      
          # ã‚½ãƒ¼ã‚¹ãƒ•ã‚¡ã‚¤ãƒ«ã®æ±ºå®š
          src_dir = exercise_dir / "src"
          if not src_dir.exists():
              raise FileNotFoundError(f"srcãƒ‡ã‚£ãƒ¬ã‚¯ãƒˆãƒªãŒè¦‹ã¤ã‹ã‚Šã¾ã›ã‚“: {src_dir}")
      
          # ã‚³ãƒãƒ³ãƒ‰ãƒ©ã‚¤ãƒ³å¼•æ•°ã¾ãŸã¯ç’°å¢ƒå¤‰æ•°ã‹ã‚‰ã‚½ãƒ¼ã‚¹ãƒ•ã‚¡ã‚¤ãƒ«ã‚’å–å¾—
          parser = argparse.ArgumentParser()
          parser.add_argument('--source', default=None, help='ãƒ†ã‚¹ãƒˆã™ã‚‹ã‚½ãƒ¼ã‚¹ãƒ•ã‚¡ã‚¤ãƒ«')
          args, unknown = parser.parse_known_args()
      
          source_filename = (
              args.source or
              os.environ.get('SOURCE_FILE') or
              'main.c'
          )
      
          test_source_file = src_dir / source_filename
      
          if not test_source_file.exists():
              raise FileNotFoundError(f"ã‚½ãƒ¼ã‚¹ãƒ•ã‚¡ã‚¤ãƒ«ãŒè¦‹ã¤ã‹ã‚Šã¾ã›ã‚“: {test_source_file}")
      
          # å®Ÿè¡Œãƒ•ã‚¡ã‚¤ãƒ«åã‚’å‹•çš„ã«ç”Ÿæˆ
          base_name = test_source_file.stem
          executable = exercise_dir / f"{exercise_name}_{base_name}"
          debug_executable = exercise_dir / f"{exercise_name}_{base_name}_debug"
      
          print(f"\n{'='*70}")
          print(f"ğŸš€ {exercise_name}ã®ãƒ†ã‚¹ãƒˆã‚¹ã‚¤ãƒ¼ãƒˆ")
          print(f"{'='*70}")
          print(f"ğŸ“ èª²é¡Œãƒ‡ã‚£ãƒ¬ã‚¯ãƒˆãƒª: {exercise_dir}")
          print(f"ğŸ“„ ãƒ†ã‚¹ãƒˆå¯¾è±¡ã‚½ãƒ¼ã‚¹ãƒ•ã‚¡ã‚¤ãƒ«: {test_source_file.name}")
          print(f"ğŸ”§ å®Ÿè¡Œãƒ•ã‚¡ã‚¤ãƒ«: {executable.name}")
      
          # ã‚³ãƒ³ãƒ‘ã‚¤ãƒ«å®Ÿè¡Œ
  >       _compile_programs()
  
  test_exercise_8_3.py:79: 
  _ _ _ _ _ _ _ _ _ _ _ _ _ _ _ _ _ _ _ _ _ _ _ _ _ _ _ _ _ _ _ _ _ _ _ _ _ _ _ _ 
  
      def _compile_programs():
          """ã‚³ãƒ³ãƒ‘ã‚¤ãƒ«å®Ÿè¡Œï¼ˆSDL3å¯¾å¿œï¼‰"""
          # GraphicsLib.cã®ãƒ‘ã‚¹
          graphics_lib = exercise_dir / "src" / "GraphicsLib.c"
      
          if not graphics_lib.exists():
              raise FileNotFoundError(f"GraphicsLib.cãŒè¦‹ã¤ã‹ã‚Šã¾ã›ã‚“: {graphics_lib}")
      
          # SDL3ãƒ•ãƒ©ã‚°ã®æ¤œå‡º
          sdl3_flags = []
          if os.path.exists("/opt/homebrew/include"):
              sdl3_flags = ["-I/opt/homebrew/include", "-L/opt/homebrew/lib"]
          elif os.path.exists("/usr/local/include"):
              sdl3_flags = ["-I/usr/local/include", "-L/usr/local/lib"]
      
          # æœ¬ç•ªãƒ“ãƒ«ãƒ‰
          production_flags = [
              "gcc", "-std=c99", "-Wall", "-Wextra", "-O2",
              str(test_source_file), str(graphics_lib),
              "-o", str(executable),
              *sdl3_flags,
              "-lSDL3", "-lm"
          ]
      
          # ãƒ‡ãƒãƒƒã‚°ãƒ“ãƒ«ãƒ‰
          debug_flags = [
              "gcc", "-std=c99", "-Wall", "-Wextra", "-g", "-O0",
              "-DDEBUG", str(test_source_file), str(graphics_lib),
              "-o", str(debug_executable),
              *sdl3_flags,
              "-lSDL3", "-lm"
          ]
      
          print(f"\nğŸ”¨ ã‚³ãƒ³ãƒ‘ã‚¤ãƒ«ä¸­ï¼ˆSDL3ã‚°ãƒ©ãƒ•ã‚£ãƒƒã‚¯ã‚¹å¯¾å¿œï¼‰...")
          result_prod = subprocess.run(production_flags, capture_output=True, text=True)
          if result_prod.returncode != 0:
              print(f"\nâŒ ã‚³ãƒ³ãƒ‘ã‚¤ãƒ«å¤±æ•—:")
              print(f"STDERR: {result_prod.stderr}")
  >           raise RuntimeError(f"ã‚³ãƒ³ãƒ‘ã‚¤ãƒ«ã‚¨ãƒ©ãƒ¼: {result_prod.stderr}")
  E           RuntimeError: ã‚³ãƒ³ãƒ‘ã‚¤ãƒ«ã‚¨ãƒ©ãƒ¼: /home.org/administrator/c-programming-runners/actions-runner1/_work/ex8-3-t2500173/ex8-3-t2500173/src/main.c: In function â€˜mainâ€™:
  E           /home.org/administrator/c-programming-runners/actions-runner1/_work/ex8-3-t2500173/ex8-3-t2500173/src/main.c:29:9: warning: implicit declaration of function â€˜Win_FillRectangleâ€™; did you mean â€˜Win_FillRectâ€™? [-Wimplicit-function-declaration]
  E              29 |         Win_FillRectangle(x, y, x + size, y + size, colors[i]);
  E                 |         ^~~~~~~~~~~~~~~~~
  E                 |         Win_FillRect
  E           /usr/bin/ld: /tmp/ccyMivLL.o: in function `main':
  E           main.c:(.text.startup+0x125): undefined reference to `Win_FillRectangle'
  E           /usr/bin/ld: main.c:(.text.startup+0x194): undefined reference to `Win_FillRectangle'
  E           collect2: error: ld returned 1 exit status
  
  test_exercise_8_3.py:127: RuntimeError
  ---------------------------- Captured stdout setup -----------------------------
  
  ======================================================================
  ğŸš€ ex8-3-t2500173ã®ãƒ†ã‚¹ãƒˆã‚¹ã‚¤ãƒ¼ãƒˆ
  ======================================================================
  ğŸ“ èª²é¡Œãƒ‡ã‚£ãƒ¬ã‚¯ãƒˆãƒª: /home.org/administrator/c-programming-runners/actions-runner1/_work/ex8-3-t2500173/ex8-3-t2500173
  ğŸ“„ ãƒ†ã‚¹ãƒˆå¯¾è±¡ã‚½ãƒ¼ã‚¹ãƒ•ã‚¡ã‚¤ãƒ«: main.c
  ğŸ”§ å®Ÿè¡Œãƒ•ã‚¡ã‚¤ãƒ«: ex8-3-t2500173_main
  
  ğŸ”¨ ã‚³ãƒ³ãƒ‘ã‚¤ãƒ«ä¸­ï¼ˆSDL3ã‚°ãƒ©ãƒ•ã‚£ãƒƒã‚¯ã‚¹å¯¾å¿œï¼‰...
  
  âŒ ã‚³ãƒ³ãƒ‘ã‚¤ãƒ«å¤±æ•—:
  STDERR: /home.org/administrator/c-programming-runners/actions-runner1/_work/ex8-3-t2500173/ex8-3-t2500173/src/main.c: In function â€˜mainâ€™:
  /home.org/administrator/c-programming-runners/actions-runner1/_work/ex8-3-t2500173/ex8-3-t2500173/src/main.c:29:9: warning: implicit declaration of function â€˜Win_FillRectangleâ€™; did you mean â€˜Win_FillRectâ€™? [-Wimplicit-function-declaration]
     29 |         Win_FillRectangle(x, y, x + size, y + size, colors[i]);
        |         ^~~~~~~~~~~~~~~~~
        |         Win_FillRect
  /usr/bin/ld: /tmp/ccyMivLL.o: in function `main':
  main.c:(.text.startup+0x125): undefined reference to `Win_FillRectangle'
  /usr/bin/ld: main.c:(.text.startup+0x194): undefined reference to `Win_FillRectangle'
  collect2: error: ld returned 1 exit status
  
  =========================== short test summary info ============================
  ERROR test_exercise_8_3.py::test_06_line_usage - RuntimeError: ã‚³ãƒ³ãƒ‘ã‚¤ãƒ«ã‚¨ãƒ©ãƒ¼: /home.org/administrator/c-programming-runne...
  =============================== 1 error in 0.23s ===============================
  
âŒ ãƒ†ã‚¹ãƒˆ6: Win_Lineä½¿ç”¨ç¢ºèª
::error::Error: Exit with code: 1 and signal: null
ğŸ“ ãƒ†ã‚¹ãƒˆ7: å¤‰æ•°å®£è¨€ç¢ºèª


  ============================= test session starts ==============================
  platform linux -- Python 3.10.12, pytest-8.4.2, pluggy-1.6.0 -- /usr/bin/python3
  cachedir: .pytest_cache
  rootdir: /home.org/administrator/c-programming-runners/actions-runner1/_work/ex8-3-t2500173/ex8-3-t2500173/tests
  collecting ... collected 1 item
  
  test_exercise_8_3.py::test_07_variable_declarations ERROR                [100%]
  
  ==================================== ERRORS ====================================
  _______________ ERROR at setup of test_07_variable_declarations ________________
  
  module = <module 'test_exercise_8_3' from '/home.org/administrator/c-programming-runners/actions-runner1/_work/ex8-3-t2500173/ex8-3-t2500173/tests/test_exercise_8_3.py'>
  
      def setup_module(module):
          """ãƒ†ã‚¹ãƒˆç’°å¢ƒã®ã‚»ãƒƒãƒˆã‚¢ãƒƒãƒ—ï¼ˆã‚³ãƒ³ãƒ‘ã‚¤ãƒ«å«ã‚€ï¼‰"""
          global exercise_dir, src_file, executable, debug_executable, test_source_file
      
          exercise_dir = Path(__file__).parent.parent
          exercise_name = exercise_dir.name
      
          # ã‚½ãƒ¼ã‚¹ãƒ•ã‚¡ã‚¤ãƒ«ã®æ±ºå®š
          src_dir = exercise_dir / "src"
          if not src_dir.exists():
              raise FileNotFoundError(f"srcãƒ‡ã‚£ãƒ¬ã‚¯ãƒˆãƒªãŒè¦‹ã¤ã‹ã‚Šã¾ã›ã‚“: {src_dir}")
      
          # ã‚³ãƒãƒ³ãƒ‰ãƒ©ã‚¤ãƒ³å¼•æ•°ã¾ãŸã¯ç’°å¢ƒå¤‰æ•°ã‹ã‚‰ã‚½ãƒ¼ã‚¹ãƒ•ã‚¡ã‚¤ãƒ«ã‚’å–å¾—
          parser = argparse.ArgumentParser()
          parser.add_argument('--source', default=None, help='ãƒ†ã‚¹ãƒˆã™ã‚‹ã‚½ãƒ¼ã‚¹ãƒ•ã‚¡ã‚¤ãƒ«')
          args, unknown = parser.parse_known_args()
      
          source_filename = (
              args.source or
              os.environ.get('SOURCE_FILE') or
              'main.c'
          )
      
          test_source_file = src_dir / source_filename
      
          if not test_source_file.exists():
              raise FileNotFoundError(f"ã‚½ãƒ¼ã‚¹ãƒ•ã‚¡ã‚¤ãƒ«ãŒè¦‹ã¤ã‹ã‚Šã¾ã›ã‚“: {test_source_file}")
      
          # å®Ÿè¡Œãƒ•ã‚¡ã‚¤ãƒ«åã‚’å‹•çš„ã«ç”Ÿæˆ
          base_name = test_source_file.stem
          executable = exercise_dir / f"{exercise_name}_{base_name}"
          debug_executable = exercise_dir / f"{exercise_name}_{base_name}_debug"
      
          print(f"\n{'='*70}")
          print(f"ğŸš€ {exercise_name}ã®ãƒ†ã‚¹ãƒˆã‚¹ã‚¤ãƒ¼ãƒˆ")
          print(f"{'='*70}")
          print(f"ğŸ“ èª²é¡Œãƒ‡ã‚£ãƒ¬ã‚¯ãƒˆãƒª: {exercise_dir}")
          print(f"ğŸ“„ ãƒ†ã‚¹ãƒˆå¯¾è±¡ã‚½ãƒ¼ã‚¹ãƒ•ã‚¡ã‚¤ãƒ«: {test_source_file.name}")
          print(f"ğŸ”§ å®Ÿè¡Œãƒ•ã‚¡ã‚¤ãƒ«: {executable.name}")
      
          # ã‚³ãƒ³ãƒ‘ã‚¤ãƒ«å®Ÿè¡Œ
  >       _compile_programs()
  
  test_exercise_8_3.py:79: 
  _ _ _ _ _ _ _ _ _ _ _ _ _ _ _ _ _ _ _ _ _ _ _ _ _ _ _ _ _ _ _ _ _ _ _ _ _ _ _ _ 
  
      def _compile_programs():
          """ã‚³ãƒ³ãƒ‘ã‚¤ãƒ«å®Ÿè¡Œï¼ˆSDL3å¯¾å¿œï¼‰"""
          # GraphicsLib.cã®ãƒ‘ã‚¹
          graphics_lib = exercise_dir / "src" / "GraphicsLib.c"
      
          if not graphics_lib.exists():
              raise FileNotFoundError(f"GraphicsLib.cãŒè¦‹ã¤ã‹ã‚Šã¾ã›ã‚“: {graphics_lib}")
      
          # SDL3ãƒ•ãƒ©ã‚°ã®æ¤œå‡º
          sdl3_flags = []
          if os.path.exists("/opt/homebrew/include"):
              sdl3_flags = ["-I/opt/homebrew/include", "-L/opt/homebrew/lib"]
          elif os.path.exists("/usr/local/include"):
              sdl3_flags = ["-I/usr/local/include", "-L/usr/local/lib"]
      
          # æœ¬ç•ªãƒ“ãƒ«ãƒ‰
          production_flags = [
              "gcc", "-std=c99", "-Wall", "-Wextra", "-O2",
              str(test_source_file), str(graphics_lib),
              "-o", str(executable),
              *sdl3_flags,
              "-lSDL3", "-lm"
          ]
      
          # ãƒ‡ãƒãƒƒã‚°ãƒ“ãƒ«ãƒ‰
          debug_flags = [
              "gcc", "-std=c99", "-Wall", "-Wextra", "-g", "-O0",
              "-DDEBUG", str(test_source_file), str(graphics_lib),
              "-o", str(debug_executable),
              *sdl3_flags,
              "-lSDL3", "-lm"
          ]
      
          print(f"\nğŸ”¨ ã‚³ãƒ³ãƒ‘ã‚¤ãƒ«ä¸­ï¼ˆSDL3ã‚°ãƒ©ãƒ•ã‚£ãƒƒã‚¯ã‚¹å¯¾å¿œï¼‰...")
          result_prod = subprocess.run(production_flags, capture_output=True, text=True)
          if result_prod.returncode != 0:
              print(f"\nâŒ ã‚³ãƒ³ãƒ‘ã‚¤ãƒ«å¤±æ•—:")
              print(f"STDERR: {result_prod.stderr}")
  >           raise RuntimeError(f"ã‚³ãƒ³ãƒ‘ã‚¤ãƒ«ã‚¨ãƒ©ãƒ¼: {result_prod.stderr}")
  E           RuntimeError: ã‚³ãƒ³ãƒ‘ã‚¤ãƒ«ã‚¨ãƒ©ãƒ¼: /home.org/administrator/c-programming-runners/actions-runner1/_work/ex8-3-t2500173/ex8-3-t2500173/src/main.c: In function â€˜mainâ€™:
  E           /home.org/administrator/c-programming-runners/actions-runner1/_work/ex8-3-t2500173/ex8-3-t2500173/src/main.c:29:9: warning: implicit declaration of function â€˜Win_FillRectangleâ€™; did you mean â€˜Win_FillRectâ€™? [-Wimplicit-function-declaration]
  E              29 |         Win_FillRectangle(x, y, x + size, y + size, colors[i]);
  E                 |         ^~~~~~~~~~~~~~~~~
  E                 |         Win_FillRect
  E           /usr/bin/ld: /tmp/cc6UpgCd.o: in function `main':
  E           main.c:(.text.startup+0x125): undefined reference to `Win_FillRectangle'
  E           /usr/bin/ld: main.c:(.text.startup+0x194): undefined reference to `Win_FillRectangle'
  E           collect2: error: ld returned 1 exit status
  
  test_exercise_8_3.py:127: RuntimeError
  ---------------------------- Captured stdout setup -----------------------------
  
  ======================================================================
  ğŸš€ ex8-3-t2500173ã®ãƒ†ã‚¹ãƒˆã‚¹ã‚¤ãƒ¼ãƒˆ
  ======================================================================
  ğŸ“ èª²é¡Œãƒ‡ã‚£ãƒ¬ã‚¯ãƒˆãƒª: /home.org/administrator/c-programming-runners/actions-runner1/_work/ex8-3-t2500173/ex8-3-t2500173
  ğŸ“„ ãƒ†ã‚¹ãƒˆå¯¾è±¡ã‚½ãƒ¼ã‚¹ãƒ•ã‚¡ã‚¤ãƒ«: main.c
  ğŸ”§ å®Ÿè¡Œãƒ•ã‚¡ã‚¤ãƒ«: ex8-3-t2500173_main
  
  ğŸ”¨ ã‚³ãƒ³ãƒ‘ã‚¤ãƒ«ä¸­ï¼ˆSDL3ã‚°ãƒ©ãƒ•ã‚£ãƒƒã‚¯ã‚¹å¯¾å¿œï¼‰...
  
  âŒ ã‚³ãƒ³ãƒ‘ã‚¤ãƒ«å¤±æ•—:
  STDERR: /home.org/administrator/c-programming-runners/actions-runner1/_work/ex8-3-t2500173/ex8-3-t2500173/src/main.c: In function â€˜mainâ€™:
  /home.org/administrator/c-programming-runners/actions-runner1/_work/ex8-3-t2500173/ex8-3-t2500173/src/main.c:29:9: warning: implicit declaration of function â€˜Win_FillRectangleâ€™; did you mean â€˜Win_FillRectâ€™? [-Wimplicit-function-declaration]
     29 |         Win_FillRectangle(x, y, x + size, y + size, colors[i]);
        |         ^~~~~~~~~~~~~~~~~
        |         Win_FillRect
  /usr/bin/ld: /tmp/cc6UpgCd.o: in function `main':
  main.c:(.text.startup+0x125): undefined reference to `Win_FillRectangle'
  /usr/bin/ld: main.c:(.text.startup+0x194): undefined reference to `Win_FillRectangle'
  collect2: error: ld returned 1 exit status
  
  =========================== short test summary info ============================
  ERROR test_exercise_8_3.py::test_07_variable_declarations - RuntimeError: ã‚³ãƒ³ãƒ‘ã‚¤ãƒ«ã‚¨ãƒ©ãƒ¼: /home.org/administrator/c-programming-runne...
  =============================== 1 error in 0.24s ===============================
  
âŒ ãƒ†ã‚¹ãƒˆ7: å¤‰æ•°å®£è¨€ç¢ºèª
::error::Error: Exit with code: 1 and signal: null
ğŸ“ ãƒ†ã‚¹ãƒˆ8: åˆæœŸå€¤è¨­å®šç¢ºèª


  ============================= test session starts ==============================
  platform linux -- Python 3.10.12, pytest-8.4.2, pluggy-1.6.0 -- /usr/bin/python3
  cachedir: .pytest_cache
  rootdir: /home.org/administrator/c-programming-runners/actions-runner1/_work/ex8-3-t2500173/ex8-3-t2500173/tests
  collecting ... collected 1 item
  
  test_exercise_8_3.py::test_08_initial_values ERROR                       [100%]
  
  ==================================== ERRORS ====================================
  ___________________ ERROR at setup of test_08_initial_values ___________________
  
  module = <module 'test_exercise_8_3' from '/home.org/administrator/c-programming-runners/actions-runner1/_work/ex8-3-t2500173/ex8-3-t2500173/tests/test_exercise_8_3.py'>
  
      def setup_module(module):
          """ãƒ†ã‚¹ãƒˆç’°å¢ƒã®ã‚»ãƒƒãƒˆã‚¢ãƒƒãƒ—ï¼ˆã‚³ãƒ³ãƒ‘ã‚¤ãƒ«å«ã‚€ï¼‰"""
          global exercise_dir, src_file, executable, debug_executable, test_source_file
      
          exercise_dir = Path(__file__).parent.parent
          exercise_name = exercise_dir.name
      
          # ã‚½ãƒ¼ã‚¹ãƒ•ã‚¡ã‚¤ãƒ«ã®æ±ºå®š
          src_dir = exercise_dir / "src"
          if not src_dir.exists():
              raise FileNotFoundError(f"srcãƒ‡ã‚£ãƒ¬ã‚¯ãƒˆãƒªãŒè¦‹ã¤ã‹ã‚Šã¾ã›ã‚“: {src_dir}")
      
          # ã‚³ãƒãƒ³ãƒ‰ãƒ©ã‚¤ãƒ³å¼•æ•°ã¾ãŸã¯ç’°å¢ƒå¤‰æ•°ã‹ã‚‰ã‚½ãƒ¼ã‚¹ãƒ•ã‚¡ã‚¤ãƒ«ã‚’å–å¾—
          parser = argparse.ArgumentParser()
          parser.add_argument('--source', default=None, help='ãƒ†ã‚¹ãƒˆã™ã‚‹ã‚½ãƒ¼ã‚¹ãƒ•ã‚¡ã‚¤ãƒ«')
          args, unknown = parser.parse_known_args()
      
          source_filename = (
              args.source or
              os.environ.get('SOURCE_FILE') or
              'main.c'
          )
      
          test_source_file = src_dir / source_filename
      
          if not test_source_file.exists():
              raise FileNotFoundError(f"ã‚½ãƒ¼ã‚¹ãƒ•ã‚¡ã‚¤ãƒ«ãŒè¦‹ã¤ã‹ã‚Šã¾ã›ã‚“: {test_source_file}")
      
          # å®Ÿè¡Œãƒ•ã‚¡ã‚¤ãƒ«åã‚’å‹•çš„ã«ç”Ÿæˆ
          base_name = test_source_file.stem
          executable = exercise_dir / f"{exercise_name}_{base_name}"
          debug_executable = exercise_dir / f"{exercise_name}_{base_name}_debug"
      
          print(f"\n{'='*70}")
          print(f"ğŸš€ {exercise_name}ã®ãƒ†ã‚¹ãƒˆã‚¹ã‚¤ãƒ¼ãƒˆ")
          print(f"{'='*70}")
          print(f"ğŸ“ èª²é¡Œãƒ‡ã‚£ãƒ¬ã‚¯ãƒˆãƒª: {exercise_dir}")
          print(f"ğŸ“„ ãƒ†ã‚¹ãƒˆå¯¾è±¡ã‚½ãƒ¼ã‚¹ãƒ•ã‚¡ã‚¤ãƒ«: {test_source_file.name}")
          print(f"ğŸ”§ å®Ÿè¡Œãƒ•ã‚¡ã‚¤ãƒ«: {executable.name}")
      
          # ã‚³ãƒ³ãƒ‘ã‚¤ãƒ«å®Ÿè¡Œ
  >       _compile_programs()
  
  test_exercise_8_3.py:79: 
  _ _ _ _ _ _ _ _ _ _ _ _ _ _ _ _ _ _ _ _ _ _ _ _ _ _ _ _ _ _ _ _ _ _ _ _ _ _ _ _ 
  
      def _compile_programs():
          """ã‚³ãƒ³ãƒ‘ã‚¤ãƒ«å®Ÿè¡Œï¼ˆSDL3å¯¾å¿œï¼‰"""
          # GraphicsLib.cã®ãƒ‘ã‚¹
          graphics_lib = exercise_dir / "src" / "GraphicsLib.c"
      
          if not graphics_lib.exists():
              raise FileNotFoundError(f"GraphicsLib.cãŒè¦‹ã¤ã‹ã‚Šã¾ã›ã‚“: {graphics_lib}")
      
          # SDL3ãƒ•ãƒ©ã‚°ã®æ¤œå‡º
          sdl3_flags = []
          if os.path.exists("/opt/homebrew/include"):
              sdl3_flags = ["-I/opt/homebrew/include", "-L/opt/homebrew/lib"]
          elif os.path.exists("/usr/local/include"):
              sdl3_flags = ["-I/usr/local/include", "-L/usr/local/lib"]
      
          # æœ¬ç•ªãƒ“ãƒ«ãƒ‰
          production_flags = [
              "gcc", "-std=c99", "-Wall", "-Wextra", "-O2",
              str(test_source_file), str(graphics_lib),
              "-o", str(executable),
              *sdl3_flags,
              "-lSDL3", "-lm"
          ]
      
          # ãƒ‡ãƒãƒƒã‚°ãƒ“ãƒ«ãƒ‰
          debug_flags = [
              "gcc", "-std=c99", "-Wall", "-Wextra", "-g", "-O0",
              "-DDEBUG", str(test_source_file), str(graphics_lib),
              "-o", str(debug_executable),
              *sdl3_flags,
              "-lSDL3", "-lm"
          ]
      
          print(f"\nğŸ”¨ ã‚³ãƒ³ãƒ‘ã‚¤ãƒ«ä¸­ï¼ˆSDL3ã‚°ãƒ©ãƒ•ã‚£ãƒƒã‚¯ã‚¹å¯¾å¿œï¼‰...")
          result_prod = subprocess.run(production_flags, capture_output=True, text=True)
          if result_prod.returncode != 0:
              print(f"\nâŒ ã‚³ãƒ³ãƒ‘ã‚¤ãƒ«å¤±æ•—:")
              print(f"STDERR: {result_prod.stderr}")
  >           raise RuntimeError(f"ã‚³ãƒ³ãƒ‘ã‚¤ãƒ«ã‚¨ãƒ©ãƒ¼: {result_prod.stderr}")
  E           RuntimeError: ã‚³ãƒ³ãƒ‘ã‚¤ãƒ«ã‚¨ãƒ©ãƒ¼: /home.org/administrator/c-programming-runners/actions-runner1/_work/ex8-3-t2500173/ex8-3-t2500173/src/main.c: In function â€˜mainâ€™:
  E           /home.org/administrator/c-programming-runners/actions-runner1/_work/ex8-3-t2500173/ex8-3-t2500173/src/main.c:29:9: warning: implicit declaration of function â€˜Win_FillRectangleâ€™; did you mean â€˜Win_FillRectâ€™? [-Wimplicit-function-declaration]
  E              29 |         Win_FillRectangle(x, y, x + size, y + size, colors[i]);
  E                 |         ^~~~~~~~~~~~~~~~~
  E                 |         Win_FillRect
  E           /usr/bin/ld: /tmp/ccL4HZZv.o: in function `main':
  E           main.c:(.text.startup+0x125): undefined reference to `Win_FillRectangle'
  E           /usr/bin/ld: main.c:(.text.startup+0x194): undefined reference to `Win_FillRectangle'
  E           collect2: error: ld returned 1 exit status
  
  test_exercise_8_3.py:127: RuntimeError
  ---------------------------- Captured stdout setup -----------------------------
  
  ======================================================================
  ğŸš€ ex8-3-t2500173ã®ãƒ†ã‚¹ãƒˆã‚¹ã‚¤ãƒ¼ãƒˆ
  ======================================================================
  ğŸ“ èª²é¡Œãƒ‡ã‚£ãƒ¬ã‚¯ãƒˆãƒª: /home.org/administrator/c-programming-runners/actions-runner1/_work/ex8-3-t2500173/ex8-3-t2500173
  ğŸ“„ ãƒ†ã‚¹ãƒˆå¯¾è±¡ã‚½ãƒ¼ã‚¹ãƒ•ã‚¡ã‚¤ãƒ«: main.c
  ğŸ”§ å®Ÿè¡Œãƒ•ã‚¡ã‚¤ãƒ«: ex8-3-t2500173_main
  
  ğŸ”¨ ã‚³ãƒ³ãƒ‘ã‚¤ãƒ«ä¸­ï¼ˆSDL3ã‚°ãƒ©ãƒ•ã‚£ãƒƒã‚¯ã‚¹å¯¾å¿œï¼‰...
  
  âŒ ã‚³ãƒ³ãƒ‘ã‚¤ãƒ«å¤±æ•—:
  STDERR: /home.org/administrator/c-programming-runners/actions-runner1/_work/ex8-3-t2500173/ex8-3-t2500173/src/main.c: In function â€˜mainâ€™:
  /home.org/administrator/c-programming-runners/actions-runner1/_work/ex8-3-t2500173/ex8-3-t2500173/src/main.c:29:9: warning: implicit declaration of function â€˜Win_FillRectangleâ€™; did you mean â€˜Win_FillRectâ€™? [-Wimplicit-function-declaration]
     29 |         Win_FillRectangle(x, y, x + size, y + size, colors[i]);
        |         ^~~~~~~~~~~~~~~~~
        |         Win_FillRect
  /usr/bin/ld: /tmp/ccL4HZZv.o: in function `main':
  main.c:(.text.startup+0x125): undefined reference to `Win_FillRectangle'
  /usr/bin/ld: main.c:(.text.startup+0x194): undefined reference to `Win_FillRectangle'
  collect2: error: ld returned 1 exit status
  
  =========================== short test summary info ============================
  ERROR test_exercise_8_3.py::test_08_initial_values - RuntimeError: ã‚³ãƒ³ãƒ‘ã‚¤ãƒ«ã‚¨ãƒ©ãƒ¼: /home.org/administrator/c-programming-runne...
  =============================== 1 error in 0.23s ===============================
  
âŒ ãƒ†ã‚¹ãƒˆ8: åˆæœŸå€¤è¨­å®šç¢ºèª
::error::Error: Exit with code: 1 and signal: null
ğŸ“ ãƒ†ã‚¹ãƒˆ9: æ–¹å‘ç®¡ç†ç¢ºèª


  ============================= test session starts ==============================
  platform linux -- Python 3.10.12, pytest-8.4.2, pluggy-1.6.0 -- /usr/bin/python3
  cachedir: .pytest_cache
  rootdir: /home.org/administrator/c-programming-runners/actions-runner1/_work/ex8-3-t2500173/ex8-3-t2500173/tests
  collecting ... collected 1 item
  
  test_exercise_8_3.py::test_09_direction_management ERROR                 [100%]
  
  ==================================== ERRORS ====================================
  ________________ ERROR at setup of test_09_direction_management ________________
  
  module = <module 'test_exercise_8_3' from '/home.org/administrator/c-programming-runners/actions-runner1/_work/ex8-3-t2500173/ex8-3-t2500173/tests/test_exercise_8_3.py'>
  
      def setup_module(module):
          """ãƒ†ã‚¹ãƒˆç’°å¢ƒã®ã‚»ãƒƒãƒˆã‚¢ãƒƒãƒ—ï¼ˆã‚³ãƒ³ãƒ‘ã‚¤ãƒ«å«ã‚€ï¼‰"""
          global exercise_dir, src_file, executable, debug_executable, test_source_file
      
          exercise_dir = Path(__file__).parent.parent
          exercise_name = exercise_dir.name
      
          # ã‚½ãƒ¼ã‚¹ãƒ•ã‚¡ã‚¤ãƒ«ã®æ±ºå®š
          src_dir = exercise_dir / "src"
          if not src_dir.exists():
              raise FileNotFoundError(f"srcãƒ‡ã‚£ãƒ¬ã‚¯ãƒˆãƒªãŒè¦‹ã¤ã‹ã‚Šã¾ã›ã‚“: {src_dir}")
      
          # ã‚³ãƒãƒ³ãƒ‰ãƒ©ã‚¤ãƒ³å¼•æ•°ã¾ãŸã¯ç’°å¢ƒå¤‰æ•°ã‹ã‚‰ã‚½ãƒ¼ã‚¹ãƒ•ã‚¡ã‚¤ãƒ«ã‚’å–å¾—
          parser = argparse.ArgumentParser()
          parser.add_argument('--source', default=None, help='ãƒ†ã‚¹ãƒˆã™ã‚‹ã‚½ãƒ¼ã‚¹ãƒ•ã‚¡ã‚¤ãƒ«')
          args, unknown = parser.parse_known_args()
      
          source_filename = (
              args.source or
              os.environ.get('SOURCE_FILE') or
              'main.c'
          )
      
          test_source_file = src_dir / source_filename
      
          if not test_source_file.exists():
              raise FileNotFoundError(f"ã‚½ãƒ¼ã‚¹ãƒ•ã‚¡ã‚¤ãƒ«ãŒè¦‹ã¤ã‹ã‚Šã¾ã›ã‚“: {test_source_file}")
      
          # å®Ÿè¡Œãƒ•ã‚¡ã‚¤ãƒ«åã‚’å‹•çš„ã«ç”Ÿæˆ
          base_name = test_source_file.stem
          executable = exercise_dir / f"{exercise_name}_{base_name}"
          debug_executable = exercise_dir / f"{exercise_name}_{base_name}_debug"
      
          print(f"\n{'='*70}")
          print(f"ğŸš€ {exercise_name}ã®ãƒ†ã‚¹ãƒˆã‚¹ã‚¤ãƒ¼ãƒˆ")
          print(f"{'='*70}")
          print(f"ğŸ“ èª²é¡Œãƒ‡ã‚£ãƒ¬ã‚¯ãƒˆãƒª: {exercise_dir}")
          print(f"ğŸ“„ ãƒ†ã‚¹ãƒˆå¯¾è±¡ã‚½ãƒ¼ã‚¹ãƒ•ã‚¡ã‚¤ãƒ«: {test_source_file.name}")
          print(f"ğŸ”§ å®Ÿè¡Œãƒ•ã‚¡ã‚¤ãƒ«: {executable.name}")
      
          # ã‚³ãƒ³ãƒ‘ã‚¤ãƒ«å®Ÿè¡Œ
  >       _compile_programs()
  
  test_exercise_8_3.py:79: 
  _ _ _ _ _ _ _ _ _ _ _ _ _ _ _ _ _ _ _ _ _ _ _ _ _ _ _ _ _ _ _ _ _ _ _ _ _ _ _ _ 
  
      def _compile_programs():
          """ã‚³ãƒ³ãƒ‘ã‚¤ãƒ«å®Ÿè¡Œï¼ˆSDL3å¯¾å¿œï¼‰"""
          # GraphicsLib.cã®ãƒ‘ã‚¹
          graphics_lib = exercise_dir / "src" / "GraphicsLib.c"
      
          if not graphics_lib.exists():
              raise FileNotFoundError(f"GraphicsLib.cãŒè¦‹ã¤ã‹ã‚Šã¾ã›ã‚“: {graphics_lib}")
      
          # SDL3ãƒ•ãƒ©ã‚°ã®æ¤œå‡º
          sdl3_flags = []
          if os.path.exists("/opt/homebrew/include"):
              sdl3_flags = ["-I/opt/homebrew/include", "-L/opt/homebrew/lib"]
          elif os.path.exists("/usr/local/include"):
              sdl3_flags = ["-I/usr/local/include", "-L/usr/local/lib"]
      
          # æœ¬ç•ªãƒ“ãƒ«ãƒ‰
          production_flags = [
              "gcc", "-std=c99", "-Wall", "-Wextra", "-O2",
              str(test_source_file), str(graphics_lib),
              "-o", str(executable),
              *sdl3_flags,
              "-lSDL3", "-lm"
          ]
      
          # ãƒ‡ãƒãƒƒã‚°ãƒ“ãƒ«ãƒ‰
          debug_flags = [
              "gcc", "-std=c99", "-Wall", "-Wextra", "-g", "-O0",
              "-DDEBUG", str(test_source_file), str(graphics_lib),
              "-o", str(debug_executable),
              *sdl3_flags,
              "-lSDL3", "-lm"
          ]
      
          print(f"\nğŸ”¨ ã‚³ãƒ³ãƒ‘ã‚¤ãƒ«ä¸­ï¼ˆSDL3ã‚°ãƒ©ãƒ•ã‚£ãƒƒã‚¯ã‚¹å¯¾å¿œï¼‰...")
          result_prod = subprocess.run(production_flags, capture_output=True, text=True)
          if result_prod.returncode != 0:
              print(f"\nâŒ ã‚³ãƒ³ãƒ‘ã‚¤ãƒ«å¤±æ•—:")
              print(f"STDERR: {result_prod.stderr}")
  >           raise RuntimeError(f"ã‚³ãƒ³ãƒ‘ã‚¤ãƒ«ã‚¨ãƒ©ãƒ¼: {result_prod.stderr}")
  E           RuntimeError: ã‚³ãƒ³ãƒ‘ã‚¤ãƒ«ã‚¨ãƒ©ãƒ¼: /home.org/administrator/c-programming-runners/actions-runner1/_work/ex8-3-t2500173/ex8-3-t2500173/src/main.c: In function â€˜mainâ€™:
  E           /home.org/administrator/c-programming-runners/actions-runner1/_work/ex8-3-t2500173/ex8-3-t2500173/src/main.c:29:9: warning: implicit declaration of function â€˜Win_FillRectangleâ€™; did you mean â€˜Win_FillRectâ€™? [-Wimplicit-function-declaration]
  E              29 |         Win_FillRectangle(x, y, x + size, y + size, colors[i]);
  E                 |         ^~~~~~~~~~~~~~~~~
  E                 |         Win_FillRect
  E           /usr/bin/ld: /tmp/ccbDMe1A.o: in function `main':
  E           main.c:(.text.startup+0x125): undefined reference to `Win_FillRectangle'
  E           /usr/bin/ld: main.c:(.text.startup+0x194): undefined reference to `Win_FillRectangle'
  E           collect2: error: ld returned 1 exit status
  
  test_exercise_8_3.py:127: RuntimeError
  ---------------------------- Captured stdout setup -----------------------------
  
  ======================================================================
  ğŸš€ ex8-3-t2500173ã®ãƒ†ã‚¹ãƒˆã‚¹ã‚¤ãƒ¼ãƒˆ
  ======================================================================
  ğŸ“ èª²é¡Œãƒ‡ã‚£ãƒ¬ã‚¯ãƒˆãƒª: /home.org/administrator/c-programming-runners/actions-runner1/_work/ex8-3-t2500173/ex8-3-t2500173
  ğŸ“„ ãƒ†ã‚¹ãƒˆå¯¾è±¡ã‚½ãƒ¼ã‚¹ãƒ•ã‚¡ã‚¤ãƒ«: main.c
  ğŸ”§ å®Ÿè¡Œãƒ•ã‚¡ã‚¤ãƒ«: ex8-3-t2500173_main
  
  ğŸ”¨ ã‚³ãƒ³ãƒ‘ã‚¤ãƒ«ä¸­ï¼ˆSDL3ã‚°ãƒ©ãƒ•ã‚£ãƒƒã‚¯ã‚¹å¯¾å¿œï¼‰...
  
  âŒ ã‚³ãƒ³ãƒ‘ã‚¤ãƒ«å¤±æ•—:
  STDERR: /home.org/administrator/c-programming-runners/actions-runner1/_work/ex8-3-t2500173/ex8-3-t2500173/src/main.c: In function â€˜mainâ€™:
  /home.org/administrator/c-programming-runners/actions-runner1/_work/ex8-3-t2500173/ex8-3-t2500173/src/main.c:29:9: warning: implicit declaration of function â€˜Win_FillRectangleâ€™; did you mean â€˜Win_FillRectâ€™? [-Wimplicit-function-declaration]
     29 |         Win_FillRectangle(x, y, x + size, y + size, colors[i]);
        |         ^~~~~~~~~~~~~~~~~
        |         Win_FillRect
  /usr/bin/ld: /tmp/ccbDMe1A.o: in function `main':
  main.c:(.text.startup+0x125): undefined reference to `Win_FillRectangle'
  /usr/bin/ld: main.c:(.text.startup+0x194): undefined reference to `Win_FillRectangle'
  collect2: error: ld returned 1 exit status
  
  =========================== short test summary info ============================
  ERROR test_exercise_8_3.py::test_09_direction_management - RuntimeError: ã‚³ãƒ³ãƒ‘ã‚¤ãƒ«ã‚¨ãƒ©ãƒ¼: /home.org/administrator/c-programming-runne...
  =============================== 1 error in 0.22s ===============================
  
âŒ ãƒ†ã‚¹ãƒˆ9: æ–¹å‘ç®¡ç†ç¢ºèª
::error::Error: Exit with code: 1 and signal: null
ğŸ“ ãƒ†ã‚¹ãƒˆ9.5: åº§æ¨™æ›´æ–°ç¢ºèª


  ============================= test session starts ==============================
  platform linux -- Python 3.10.12, pytest-8.4.2, pluggy-1.6.0 -- /usr/bin/python3
  cachedir: .pytest_cache
  rootdir: /home.org/administrator/c-programming-runners/actions-runner1/_work/ex8-3-t2500173/ex8-3-t2500173/tests
  collecting ... collected 1 item
  
  test_exercise_8_3.py::test_09_5_coordinate_updates ERROR                 [100%]
  
  ==================================== ERRORS ====================================
  ________________ ERROR at setup of test_09_5_coordinate_updates ________________
  
  module = <module 'test_exercise_8_3' from '/home.org/administrator/c-programming-runners/actions-runner1/_work/ex8-3-t2500173/ex8-3-t2500173/tests/test_exercise_8_3.py'>
  
      def setup_module(module):
          """ãƒ†ã‚¹ãƒˆç’°å¢ƒã®ã‚»ãƒƒãƒˆã‚¢ãƒƒãƒ—ï¼ˆã‚³ãƒ³ãƒ‘ã‚¤ãƒ«å«ã‚€ï¼‰"""
          global exercise_dir, src_file, executable, debug_executable, test_source_file
      
          exercise_dir = Path(__file__).parent.parent
          exercise_name = exercise_dir.name
      
          # ã‚½ãƒ¼ã‚¹ãƒ•ã‚¡ã‚¤ãƒ«ã®æ±ºå®š
          src_dir = exercise_dir / "src"
          if not src_dir.exists():
              raise FileNotFoundError(f"srcãƒ‡ã‚£ãƒ¬ã‚¯ãƒˆãƒªãŒè¦‹ã¤ã‹ã‚Šã¾ã›ã‚“: {src_dir}")
      
          # ã‚³ãƒãƒ³ãƒ‰ãƒ©ã‚¤ãƒ³å¼•æ•°ã¾ãŸã¯ç’°å¢ƒå¤‰æ•°ã‹ã‚‰ã‚½ãƒ¼ã‚¹ãƒ•ã‚¡ã‚¤ãƒ«ã‚’å–å¾—
          parser = argparse.ArgumentParser()
          parser.add_argument('--source', default=None, help='ãƒ†ã‚¹ãƒˆã™ã‚‹ã‚½ãƒ¼ã‚¹ãƒ•ã‚¡ã‚¤ãƒ«')
          args, unknown = parser.parse_known_args()
      
          source_filename = (
              args.source or
              os.environ.get('SOURCE_FILE') or
              'main.c'
          )
      
          test_source_file = src_dir / source_filename
      
          if not test_source_file.exists():
              raise FileNotFoundError(f"ã‚½ãƒ¼ã‚¹ãƒ•ã‚¡ã‚¤ãƒ«ãŒè¦‹ã¤ã‹ã‚Šã¾ã›ã‚“: {test_source_file}")
      
          # å®Ÿè¡Œãƒ•ã‚¡ã‚¤ãƒ«åã‚’å‹•çš„ã«ç”Ÿæˆ
          base_name = test_source_file.stem
          executable = exercise_dir / f"{exercise_name}_{base_name}"
          debug_executable = exercise_dir / f"{exercise_name}_{base_name}_debug"
      
          print(f"\n{'='*70}")
          print(f"ğŸš€ {exercise_name}ã®ãƒ†ã‚¹ãƒˆã‚¹ã‚¤ãƒ¼ãƒˆ")
          print(f"{'='*70}")
          print(f"ğŸ“ èª²é¡Œãƒ‡ã‚£ãƒ¬ã‚¯ãƒˆãƒª: {exercise_dir}")
          print(f"ğŸ“„ ãƒ†ã‚¹ãƒˆå¯¾è±¡ã‚½ãƒ¼ã‚¹ãƒ•ã‚¡ã‚¤ãƒ«: {test_source_file.name}")
          print(f"ğŸ”§ å®Ÿè¡Œãƒ•ã‚¡ã‚¤ãƒ«: {executable.name}")
      
          # ã‚³ãƒ³ãƒ‘ã‚¤ãƒ«å®Ÿè¡Œ
  >       _compile_programs()
  
  test_exercise_8_3.py:79: 
  _ _ _ _ _ _ _ _ _ _ _ _ _ _ _ _ _ _ _ _ _ _ _ _ _ _ _ _ _ _ _ _ _ _ _ _ _ _ _ _ 
  
      def _compile_programs():
          """ã‚³ãƒ³ãƒ‘ã‚¤ãƒ«å®Ÿè¡Œï¼ˆSDL3å¯¾å¿œï¼‰"""
          # GraphicsLib.cã®ãƒ‘ã‚¹
          graphics_lib = exercise_dir / "src" / "GraphicsLib.c"
      
          if not graphics_lib.exists():
              raise FileNotFoundError(f"GraphicsLib.cãŒè¦‹ã¤ã‹ã‚Šã¾ã›ã‚“: {graphics_lib}")
      
          # SDL3ãƒ•ãƒ©ã‚°ã®æ¤œå‡º
          sdl3_flags = []
          if os.path.exists("/opt/homebrew/include"):
              sdl3_flags = ["-I/opt/homebrew/include", "-L/opt/homebrew/lib"]
          elif os.path.exists("/usr/local/include"):
              sdl3_flags = ["-I/usr/local/include", "-L/usr/local/lib"]
      
          # æœ¬ç•ªãƒ“ãƒ«ãƒ‰
          production_flags = [
              "gcc", "-std=c99", "-Wall", "-Wextra", "-O2",
              str(test_source_file), str(graphics_lib),
              "-o", str(executable),
              *sdl3_flags,
              "-lSDL3", "-lm"
          ]
      
          # ãƒ‡ãƒãƒƒã‚°ãƒ“ãƒ«ãƒ‰
          debug_flags = [
              "gcc", "-std=c99", "-Wall", "-Wextra", "-g", "-O0",
              "-DDEBUG", str(test_source_file), str(graphics_lib),
              "-o", str(debug_executable),
              *sdl3_flags,
              "-lSDL3", "-lm"
          ]
      
          print(f"\nğŸ”¨ ã‚³ãƒ³ãƒ‘ã‚¤ãƒ«ä¸­ï¼ˆSDL3ã‚°ãƒ©ãƒ•ã‚£ãƒƒã‚¯ã‚¹å¯¾å¿œï¼‰...")
          result_prod = subprocess.run(production_flags, capture_output=True, text=True)
          if result_prod.returncode != 0:
              print(f"\nâŒ ã‚³ãƒ³ãƒ‘ã‚¤ãƒ«å¤±æ•—:")
              print(f"STDERR: {result_prod.stderr}")
  >           raise RuntimeError(f"ã‚³ãƒ³ãƒ‘ã‚¤ãƒ«ã‚¨ãƒ©ãƒ¼: {result_prod.stderr}")
  E           RuntimeError: ã‚³ãƒ³ãƒ‘ã‚¤ãƒ«ã‚¨ãƒ©ãƒ¼: /home.org/administrator/c-programming-runners/actions-runner1/_work/ex8-3-t2500173/ex8-3-t2500173/src/main.c: In function â€˜mainâ€™:
  E           /home.org/administrator/c-programming-runners/actions-runner1/_work/ex8-3-t2500173/ex8-3-t2500173/src/main.c:29:9: warning: implicit declaration of function â€˜Win_FillRectangleâ€™; did you mean â€˜Win_FillRectâ€™? [-Wimplicit-function-declaration]
  E              29 |         Win_FillRectangle(x, y, x + size, y + size, colors[i]);
  E                 |         ^~~~~~~~~~~~~~~~~
  E                 |         Win_FillRect
  E           /usr/bin/ld: /tmp/ccpKUUf7.o: in function `main':
  E           main.c:(.text.startup+0x125): undefined reference to `Win_FillRectangle'
  E           /usr/bin/ld: main.c:(.text.startup+0x194): undefined reference to `Win_FillRectangle'
  E           collect2: error: ld returned 1 exit status
  
  test_exercise_8_3.py:127: RuntimeError
  ---------------------------- Captured stdout setup -----------------------------
  
  ======================================================================
  ğŸš€ ex8-3-t2500173ã®ãƒ†ã‚¹ãƒˆã‚¹ã‚¤ãƒ¼ãƒˆ
  ======================================================================
  ğŸ“ èª²é¡Œãƒ‡ã‚£ãƒ¬ã‚¯ãƒˆãƒª: /home.org/administrator/c-programming-runners/actions-runner1/_work/ex8-3-t2500173/ex8-3-t2500173
  ğŸ“„ ãƒ†ã‚¹ãƒˆå¯¾è±¡ã‚½ãƒ¼ã‚¹ãƒ•ã‚¡ã‚¤ãƒ«: main.c
  ğŸ”§ å®Ÿè¡Œãƒ•ã‚¡ã‚¤ãƒ«: ex8-3-t2500173_main
  
  ğŸ”¨ ã‚³ãƒ³ãƒ‘ã‚¤ãƒ«ä¸­ï¼ˆSDL3ã‚°ãƒ©ãƒ•ã‚£ãƒƒã‚¯ã‚¹å¯¾å¿œï¼‰...
  
  âŒ ã‚³ãƒ³ãƒ‘ã‚¤ãƒ«å¤±æ•—:
  STDERR: /home.org/administrator/c-programming-runners/actions-runner1/_work/ex8-3-t2500173/ex8-3-t2500173/src/main.c: In function â€˜mainâ€™:
  /home.org/administrator/c-programming-runners/actions-runner1/_work/ex8-3-t2500173/ex8-3-t2500173/src/main.c:29:9: warning: implicit declaration of function â€˜Win_FillRectangleâ€™; did you mean â€˜Win_FillRectâ€™? [-Wimplicit-function-declaration]
     29 |         Win_FillRectangle(x, y, x + size, y + size, colors[i]);
        |         ^~~~~~~~~~~~~~~~~
        |         Win_FillRect
  /usr/bin/ld: /tmp/ccpKUUf7.o: in function `main':
  main.c:(.text.startup+0x125): undefined reference to `Win_FillRectangle'
  /usr/bin/ld: main.c:(.text.startup+0x194): undefined reference to `Win_FillRectangle'
  collect2: error: ld returned 1 exit status
  
  =========================== short test summary info ============================
  ERROR test_exercise_8_3.py::test_09_5_coordinate_updates - RuntimeError: ã‚³ãƒ³ãƒ‘ã‚¤ãƒ«ã‚¨ãƒ©ãƒ¼: /home.org/administrator/c-programming-runne...
  =============================== 1 error in 0.23s ===============================
  
âŒ ãƒ†ã‚¹ãƒˆ9.5: åº§æ¨™æ›´æ–°ç¢ºèª
::error::Error: Exit with code: 1 and signal: null
ğŸ“ ãƒ†ã‚¹ãƒˆ10: è‰²ã®ä½¿ç”¨ç¢ºèª


  ============================= test session starts ==============================
  platform linux -- Python 3.10.12, pytest-8.4.2, pluggy-1.6.0 -- /usr/bin/python3
  cachedir: .pytest_cache
  rootdir: /home.org/administrator/c-programming-runners/actions-runner1/_work/ex8-3-t2500173/ex8-3-t2500173/tests
  collecting ... collected 1 item
  
  test_exercise_8_3.py::test_10_color_usage ERROR                          [100%]
  
  ==================================== ERRORS ====================================
  ____________________ ERROR at setup of test_10_color_usage _____________________
  
  module = <module 'test_exercise_8_3' from '/home.org/administrator/c-programming-runners/actions-runner1/_work/ex8-3-t2500173/ex8-3-t2500173/tests/test_exercise_8_3.py'>
  
      def setup_module(module):
          """ãƒ†ã‚¹ãƒˆç’°å¢ƒã®ã‚»ãƒƒãƒˆã‚¢ãƒƒãƒ—ï¼ˆã‚³ãƒ³ãƒ‘ã‚¤ãƒ«å«ã‚€ï¼‰"""
          global exercise_dir, src_file, executable, debug_executable, test_source_file
      
          exercise_dir = Path(__file__).parent.parent
          exercise_name = exercise_dir.name
      
          # ã‚½ãƒ¼ã‚¹ãƒ•ã‚¡ã‚¤ãƒ«ã®æ±ºå®š
          src_dir = exercise_dir / "src"
          if not src_dir.exists():
              raise FileNotFoundError(f"srcãƒ‡ã‚£ãƒ¬ã‚¯ãƒˆãƒªãŒè¦‹ã¤ã‹ã‚Šã¾ã›ã‚“: {src_dir}")
      
          # ã‚³ãƒãƒ³ãƒ‰ãƒ©ã‚¤ãƒ³å¼•æ•°ã¾ãŸã¯ç’°å¢ƒå¤‰æ•°ã‹ã‚‰ã‚½ãƒ¼ã‚¹ãƒ•ã‚¡ã‚¤ãƒ«ã‚’å–å¾—
          parser = argparse.ArgumentParser()
          parser.add_argument('--source', default=None, help='ãƒ†ã‚¹ãƒˆã™ã‚‹ã‚½ãƒ¼ã‚¹ãƒ•ã‚¡ã‚¤ãƒ«')
          args, unknown = parser.parse_known_args()
      
          source_filename = (
              args.source or
              os.environ.get('SOURCE_FILE') or
              'main.c'
          )
      
          test_source_file = src_dir / source_filename
      
          if not test_source_file.exists():
              raise FileNotFoundError(f"ã‚½ãƒ¼ã‚¹ãƒ•ã‚¡ã‚¤ãƒ«ãŒè¦‹ã¤ã‹ã‚Šã¾ã›ã‚“: {test_source_file}")
      
          # å®Ÿè¡Œãƒ•ã‚¡ã‚¤ãƒ«åã‚’å‹•çš„ã«ç”Ÿæˆ
          base_name = test_source_file.stem
          executable = exercise_dir / f"{exercise_name}_{base_name}"
          debug_executable = exercise_dir / f"{exercise_name}_{base_name}_debug"
      
          print(f"\n{'='*70}")
          print(f"ğŸš€ {exercise_name}ã®ãƒ†ã‚¹ãƒˆã‚¹ã‚¤ãƒ¼ãƒˆ")
          print(f"{'='*70}")
          print(f"ğŸ“ èª²é¡Œãƒ‡ã‚£ãƒ¬ã‚¯ãƒˆãƒª: {exercise_dir}")
          print(f"ğŸ“„ ãƒ†ã‚¹ãƒˆå¯¾è±¡ã‚½ãƒ¼ã‚¹ãƒ•ã‚¡ã‚¤ãƒ«: {test_source_file.name}")
          print(f"ğŸ”§ å®Ÿè¡Œãƒ•ã‚¡ã‚¤ãƒ«: {executable.name}")
      
          # ã‚³ãƒ³ãƒ‘ã‚¤ãƒ«å®Ÿè¡Œ
  >       _compile_programs()
  
  test_exercise_8_3.py:79: 
  _ _ _ _ _ _ _ _ _ _ _ _ _ _ _ _ _ _ _ _ _ _ _ _ _ _ _ _ _ _ _ _ _ _ _ _ _ _ _ _ 
  
      def _compile_programs():
          """ã‚³ãƒ³ãƒ‘ã‚¤ãƒ«å®Ÿè¡Œï¼ˆSDL3å¯¾å¿œï¼‰"""
          # GraphicsLib.cã®ãƒ‘ã‚¹
          graphics_lib = exercise_dir / "src" / "GraphicsLib.c"
      
          if not graphics_lib.exists():
              raise FileNotFoundError(f"GraphicsLib.cãŒè¦‹ã¤ã‹ã‚Šã¾ã›ã‚“: {graphics_lib}")
      
          # SDL3ãƒ•ãƒ©ã‚°ã®æ¤œå‡º
          sdl3_flags = []
          if os.path.exists("/opt/homebrew/include"):
              sdl3_flags = ["-I/opt/homebrew/include", "-L/opt/homebrew/lib"]
          elif os.path.exists("/usr/local/include"):
              sdl3_flags = ["-I/usr/local/include", "-L/usr/local/lib"]
      
          # æœ¬ç•ªãƒ“ãƒ«ãƒ‰
          production_flags = [
              "gcc", "-std=c99", "-Wall", "-Wextra", "-O2",
              str(test_source_file), str(graphics_lib),
              "-o", str(executable),
              *sdl3_flags,
              "-lSDL3", "-lm"
          ]
      
          # ãƒ‡ãƒãƒƒã‚°ãƒ“ãƒ«ãƒ‰
          debug_flags = [
              "gcc", "-std=c99", "-Wall", "-Wextra", "-g", "-O0",
              "-DDEBUG", str(test_source_file), str(graphics_lib),
              "-o", str(debug_executable),
              *sdl3_flags,
              "-lSDL3", "-lm"
          ]
      
          print(f"\nğŸ”¨ ã‚³ãƒ³ãƒ‘ã‚¤ãƒ«ä¸­ï¼ˆSDL3ã‚°ãƒ©ãƒ•ã‚£ãƒƒã‚¯ã‚¹å¯¾å¿œï¼‰...")
          result_prod = subprocess.run(production_flags, capture_output=True, text=True)
          if result_prod.returncode != 0:
              print(f"\nâŒ ã‚³ãƒ³ãƒ‘ã‚¤ãƒ«å¤±æ•—:")
              print(f"STDERR: {result_prod.stderr}")
  >           raise RuntimeError(f"ã‚³ãƒ³ãƒ‘ã‚¤ãƒ«ã‚¨ãƒ©ãƒ¼: {result_prod.stderr}")
  E           RuntimeError: ã‚³ãƒ³ãƒ‘ã‚¤ãƒ«ã‚¨ãƒ©ãƒ¼: /home.org/administrator/c-programming-runners/actions-runner1/_work/ex8-3-t2500173/ex8-3-t2500173/src/main.c: In function â€˜mainâ€™:
  E           /home.org/administrator/c-programming-runners/actions-runner1/_work/ex8-3-t2500173/ex8-3-t2500173/src/main.c:29:9: warning: implicit declaration of function â€˜Win_FillRectangleâ€™; did you mean â€˜Win_FillRectâ€™? [-Wimplicit-function-declaration]
  E              29 |         Win_FillRectangle(x, y, x + size, y + size, colors[i]);
  E                 |         ^~~~~~~~~~~~~~~~~
  E                 |         Win_FillRect
  E           /usr/bin/ld: /tmp/ccgrZuRf.o: in function `main':
  E           main.c:(.text.startup+0x125): undefined reference to `Win_FillRectangle'
  E           /usr/bin/ld: main.c:(.text.startup+0x194): undefined reference to `Win_FillRectangle'
  E           collect2: error: ld returned 1 exit status
  
  test_exercise_8_3.py:127: RuntimeError
  ---------------------------- Captured stdout setup -----------------------------
  
  ======================================================================
  ğŸš€ ex8-3-t2500173ã®ãƒ†ã‚¹ãƒˆã‚¹ã‚¤ãƒ¼ãƒˆ
  ======================================================================
  ğŸ“ èª²é¡Œãƒ‡ã‚£ãƒ¬ã‚¯ãƒˆãƒª: /home.org/administrator/c-programming-runners/actions-runner1/_work/ex8-3-t2500173/ex8-3-t2500173
  ğŸ“„ ãƒ†ã‚¹ãƒˆå¯¾è±¡ã‚½ãƒ¼ã‚¹ãƒ•ã‚¡ã‚¤ãƒ«: main.c
  ğŸ”§ å®Ÿè¡Œãƒ•ã‚¡ã‚¤ãƒ«: ex8-3-t2500173_main
  
  ğŸ”¨ ã‚³ãƒ³ãƒ‘ã‚¤ãƒ«ä¸­ï¼ˆSDL3ã‚°ãƒ©ãƒ•ã‚£ãƒƒã‚¯ã‚¹å¯¾å¿œï¼‰...
  
  âŒ ã‚³ãƒ³ãƒ‘ã‚¤ãƒ«å¤±æ•—:
  STDERR: /home.org/administrator/c-programming-runners/actions-runner1/_work/ex8-3-t2500173/ex8-3-t2500173/src/main.c: In function â€˜mainâ€™:
  /home.org/administrator/c-programming-runners/actions-runner1/_work/ex8-3-t2500173/ex8-3-t2500173/src/main.c:29:9: warning: implicit declaration of function â€˜Win_FillRectangleâ€™; did you mean â€˜Win_FillRectâ€™? [-Wimplicit-function-declaration]
     29 |         Win_FillRectangle(x, y, x + size, y + size, colors[i]);
        |         ^~~~~~~~~~~~~~~~~
        |         Win_FillRect
  /usr/bin/ld: /tmp/ccgrZuRf.o: in function `main':
  main.c:(.text.startup+0x125): undefined reference to `Win_FillRectangle'
  /usr/bin/ld: main.c:(.text.startup+0x194): undefined reference to `Win_FillRectangle'
  collect2: error: ld returned 1 exit status
  
  =========================== short test summary info ============================
  ERROR test_exercise_8_3.py::test_10_color_usage - RuntimeError: ã‚³ãƒ³ãƒ‘ã‚¤ãƒ«ã‚¨ãƒ©ãƒ¼: /home.org/administrator/c-programming-runne...
  =============================== 1 error in 0.24s ===============================
  
âŒ ãƒ†ã‚¹ãƒˆ10: è‰²ã®ä½¿ç”¨ç¢ºèª
::error::Error: Exit with code: 1 and signal: null
ğŸ“ ãƒ†ã‚¹ãƒˆ11: ã‚¹ã‚±ãƒ¼ãƒ«è¨­å®šç¢ºèª


  ============================= test session starts ==============================
  platform linux -- Python 3.10.12, pytest-8.4.2, pluggy-1.6.0 -- /usr/bin/python3
  cachedir: .pytest_cache
  rootdir: /home.org/administrator/c-programming-runners/actions-runner1/_work/ex8-3-t2500173/ex8-3-t2500173/tests
  collecting ... collected 1 item
  
  test_exercise_8_3.py::test_11_scale_setting ERROR                        [100%]
  
  ==================================== ERRORS ====================================
  ___________________ ERROR at setup of test_11_scale_setting ____________________
  
  module = <module 'test_exercise_8_3' from '/home.org/administrator/c-programming-runners/actions-runner1/_work/ex8-3-t2500173/ex8-3-t2500173/tests/test_exercise_8_3.py'>
  
      def setup_module(module):
          """ãƒ†ã‚¹ãƒˆç’°å¢ƒã®ã‚»ãƒƒãƒˆã‚¢ãƒƒãƒ—ï¼ˆã‚³ãƒ³ãƒ‘ã‚¤ãƒ«å«ã‚€ï¼‰"""
          global exercise_dir, src_file, executable, debug_executable, test_source_file
      
          exercise_dir = Path(__file__).parent.parent
          exercise_name = exercise_dir.name
      
          # ã‚½ãƒ¼ã‚¹ãƒ•ã‚¡ã‚¤ãƒ«ã®æ±ºå®š
          src_dir = exercise_dir / "src"
          if not src_dir.exists():
              raise FileNotFoundError(f"srcãƒ‡ã‚£ãƒ¬ã‚¯ãƒˆãƒªãŒè¦‹ã¤ã‹ã‚Šã¾ã›ã‚“: {src_dir}")
      
          # ã‚³ãƒãƒ³ãƒ‰ãƒ©ã‚¤ãƒ³å¼•æ•°ã¾ãŸã¯ç’°å¢ƒå¤‰æ•°ã‹ã‚‰ã‚½ãƒ¼ã‚¹ãƒ•ã‚¡ã‚¤ãƒ«ã‚’å–å¾—
          parser = argparse.ArgumentParser()
          parser.add_argument('--source', default=None, help='ãƒ†ã‚¹ãƒˆã™ã‚‹ã‚½ãƒ¼ã‚¹ãƒ•ã‚¡ã‚¤ãƒ«')
          args, unknown = parser.parse_known_args()
      
          source_filename = (
              args.source or
              os.environ.get('SOURCE_FILE') or
              'main.c'
          )
      
          test_source_file = src_dir / source_filename
      
          if not test_source_file.exists():
              raise FileNotFoundError(f"ã‚½ãƒ¼ã‚¹ãƒ•ã‚¡ã‚¤ãƒ«ãŒè¦‹ã¤ã‹ã‚Šã¾ã›ã‚“: {test_source_file}")
      
          # å®Ÿè¡Œãƒ•ã‚¡ã‚¤ãƒ«åã‚’å‹•çš„ã«ç”Ÿæˆ
          base_name = test_source_file.stem
          executable = exercise_dir / f"{exercise_name}_{base_name}"
          debug_executable = exercise_dir / f"{exercise_name}_{base_name}_debug"
      
          print(f"\n{'='*70}")
          print(f"ğŸš€ {exercise_name}ã®ãƒ†ã‚¹ãƒˆã‚¹ã‚¤ãƒ¼ãƒˆ")
          print(f"{'='*70}")
          print(f"ğŸ“ èª²é¡Œãƒ‡ã‚£ãƒ¬ã‚¯ãƒˆãƒª: {exercise_dir}")
          print(f"ğŸ“„ ãƒ†ã‚¹ãƒˆå¯¾è±¡ã‚½ãƒ¼ã‚¹ãƒ•ã‚¡ã‚¤ãƒ«: {test_source_file.name}")
          print(f"ğŸ”§ å®Ÿè¡Œãƒ•ã‚¡ã‚¤ãƒ«: {executable.name}")
      
          # ã‚³ãƒ³ãƒ‘ã‚¤ãƒ«å®Ÿè¡Œ
  >       _compile_programs()
  
  test_exercise_8_3.py:79: 
  _ _ _ _ _ _ _ _ _ _ _ _ _ _ _ _ _ _ _ _ _ _ _ _ _ _ _ _ _ _ _ _ _ _ _ _ _ _ _ _ 
  
      def _compile_programs():
          """ã‚³ãƒ³ãƒ‘ã‚¤ãƒ«å®Ÿè¡Œï¼ˆSDL3å¯¾å¿œï¼‰"""
          # GraphicsLib.cã®ãƒ‘ã‚¹
          graphics_lib = exercise_dir / "src" / "GraphicsLib.c"
      
          if not graphics_lib.exists():
              raise FileNotFoundError(f"GraphicsLib.cãŒè¦‹ã¤ã‹ã‚Šã¾ã›ã‚“: {graphics_lib}")
      
          # SDL3ãƒ•ãƒ©ã‚°ã®æ¤œå‡º
          sdl3_flags = []
          if os.path.exists("/opt/homebrew/include"):
              sdl3_flags = ["-I/opt/homebrew/include", "-L/opt/homebrew/lib"]
          elif os.path.exists("/usr/local/include"):
              sdl3_flags = ["-I/usr/local/include", "-L/usr/local/lib"]
      
          # æœ¬ç•ªãƒ“ãƒ«ãƒ‰
          production_flags = [
              "gcc", "-std=c99", "-Wall", "-Wextra", "-O2",
              str(test_source_file), str(graphics_lib),
              "-o", str(executable),
              *sdl3_flags,
              "-lSDL3", "-lm"
          ]
      
          # ãƒ‡ãƒãƒƒã‚°ãƒ“ãƒ«ãƒ‰
          debug_flags = [
              "gcc", "-std=c99", "-Wall", "-Wextra", "-g", "-O0",
              "-DDEBUG", str(test_source_file), str(graphics_lib),
              "-o", str(debug_executable),
              *sdl3_flags,
              "-lSDL3", "-lm"
          ]
      
          print(f"\nğŸ”¨ ã‚³ãƒ³ãƒ‘ã‚¤ãƒ«ä¸­ï¼ˆSDL3ã‚°ãƒ©ãƒ•ã‚£ãƒƒã‚¯ã‚¹å¯¾å¿œï¼‰...")
          result_prod = subprocess.run(production_flags, capture_output=True, text=True)
          if result_prod.returncode != 0:
              print(f"\nâŒ ã‚³ãƒ³ãƒ‘ã‚¤ãƒ«å¤±æ•—:")
              print(f"STDERR: {result_prod.stderr}")
  >           raise RuntimeError(f"ã‚³ãƒ³ãƒ‘ã‚¤ãƒ«ã‚¨ãƒ©ãƒ¼: {result_prod.stderr}")
  E           RuntimeError: ã‚³ãƒ³ãƒ‘ã‚¤ãƒ«ã‚¨ãƒ©ãƒ¼: /home.org/administrator/c-programming-runners/actions-runner1/_work/ex8-3-t2500173/ex8-3-t2500173/src/main.c: In function â€˜mainâ€™:
  E           /home.org/administrator/c-programming-runners/actions-runner1/_work/ex8-3-t2500173/ex8-3-t2500173/src/main.c:29:9: warning: implicit declaration of function â€˜Win_FillRectangleâ€™; did you mean â€˜Win_FillRectâ€™? [-Wimplicit-function-declaration]
  E              29 |         Win_FillRectangle(x, y, x + size, y + size, colors[i]);
  E                 |         ^~~~~~~~~~~~~~~~~
  E                 |         Win_FillRect
  E           /usr/bin/ld: /tmp/cc1xiJld.o: in function `main':
  E           main.c:(.text.startup+0x125): undefined reference to `Win_FillRectangle'
  E           /usr/bin/ld: main.c:(.text.startup+0x194): undefined reference to `Win_FillRectangle'
  E           collect2: error: ld returned 1 exit status
  
  test_exercise_8_3.py:127: RuntimeError
  ---------------------------- Captured stdout setup -----------------------------
  
  ======================================================================
  ğŸš€ ex8-3-t2500173ã®ãƒ†ã‚¹ãƒˆã‚¹ã‚¤ãƒ¼ãƒˆ
  ======================================================================
  ğŸ“ èª²é¡Œãƒ‡ã‚£ãƒ¬ã‚¯ãƒˆãƒª: /home.org/administrator/c-programming-runners/actions-runner1/_work/ex8-3-t2500173/ex8-3-t2500173
  ğŸ“„ ãƒ†ã‚¹ãƒˆå¯¾è±¡ã‚½ãƒ¼ã‚¹ãƒ•ã‚¡ã‚¤ãƒ«: main.c
  ğŸ”§ å®Ÿè¡Œãƒ•ã‚¡ã‚¤ãƒ«: ex8-3-t2500173_main
  
  ğŸ”¨ ã‚³ãƒ³ãƒ‘ã‚¤ãƒ«ä¸­ï¼ˆSDL3ã‚°ãƒ©ãƒ•ã‚£ãƒƒã‚¯ã‚¹å¯¾å¿œï¼‰...
  
  âŒ ã‚³ãƒ³ãƒ‘ã‚¤ãƒ«å¤±æ•—:
  STDERR: /home.org/administrator/c-programming-runners/actions-runner1/_work/ex8-3-t2500173/ex8-3-t2500173/src/main.c: In function â€˜mainâ€™:
  /home.org/administrator/c-programming-runners/actions-runner1/_work/ex8-3-t2500173/ex8-3-t2500173/src/main.c:29:9: warning: implicit declaration of function â€˜Win_FillRectangleâ€™; did you mean â€˜Win_FillRectâ€™? [-Wimplicit-function-declaration]
     29 |         Win_FillRectangle(x, y, x + size, y + size, colors[i]);
        |         ^~~~~~~~~~~~~~~~~
        |         Win_FillRect
  /usr/bin/ld: /tmp/cc1xiJld.o: in function `main':
  main.c:(.text.startup+0x125): undefined reference to `Win_FillRectangle'
  /usr/bin/ld: main.c:(.text.startup+0x194): undefined reference to `Win_FillRectangle'
  collect2: error: ld returned 1 exit status
  
  =========================== short test summary info ============================
  ERROR test_exercise_8_3.py::test_11_scale_setting - RuntimeError: ã‚³ãƒ³ãƒ‘ã‚¤ãƒ«ã‚¨ãƒ©ãƒ¼: /home.org/administrator/c-programming-runne...
  =============================== 1 error in 0.23s ===============================
  
âŒ ãƒ†ã‚¹ãƒˆ11: ã‚¹ã‚±ãƒ¼ãƒ«è¨­å®šç¢ºèª
::error::Error: Exit with code: 1 and signal: null
ğŸ“ ãƒ†ã‚¹ãƒˆ12: é …æ•°è¨­å®šç¢ºèª


  ============================= test session starts ==============================
  platform linux -- Python 3.10.12, pytest-8.4.2, pluggy-1.6.0 -- /usr/bin/python3
  cachedir: .pytest_cache
  rootdir: /home.org/administrator/c-programming-runners/actions-runner1/_work/ex8-3-t2500173/ex8-3-t2500173/tests
  collecting ... collected 1 item
  
  test_exercise_8_3.py::test_12_term_count ERROR                           [100%]
  
  ==================================== ERRORS ====================================
  _____________________ ERROR at setup of test_12_term_count _____________________
  
  module = <module 'test_exercise_8_3' from '/home.org/administrator/c-programming-runners/actions-runner1/_work/ex8-3-t2500173/ex8-3-t2500173/tests/test_exercise_8_3.py'>
  
      def setup_module(module):
          """ãƒ†ã‚¹ãƒˆç’°å¢ƒã®ã‚»ãƒƒãƒˆã‚¢ãƒƒãƒ—ï¼ˆã‚³ãƒ³ãƒ‘ã‚¤ãƒ«å«ã‚€ï¼‰"""
          global exercise_dir, src_file, executable, debug_executable, test_source_file
      
          exercise_dir = Path(__file__).parent.parent
          exercise_name = exercise_dir.name
      
          # ã‚½ãƒ¼ã‚¹ãƒ•ã‚¡ã‚¤ãƒ«ã®æ±ºå®š
          src_dir = exercise_dir / "src"
          if not src_dir.exists():
              raise FileNotFoundError(f"srcãƒ‡ã‚£ãƒ¬ã‚¯ãƒˆãƒªãŒè¦‹ã¤ã‹ã‚Šã¾ã›ã‚“: {src_dir}")
      
          # ã‚³ãƒãƒ³ãƒ‰ãƒ©ã‚¤ãƒ³å¼•æ•°ã¾ãŸã¯ç’°å¢ƒå¤‰æ•°ã‹ã‚‰ã‚½ãƒ¼ã‚¹ãƒ•ã‚¡ã‚¤ãƒ«ã‚’å–å¾—
          parser = argparse.ArgumentParser()
          parser.add_argument('--source', default=None, help='ãƒ†ã‚¹ãƒˆã™ã‚‹ã‚½ãƒ¼ã‚¹ãƒ•ã‚¡ã‚¤ãƒ«')
          args, unknown = parser.parse_known_args()
      
          source_filename = (
              args.source or
              os.environ.get('SOURCE_FILE') or
              'main.c'
          )
      
          test_source_file = src_dir / source_filename
      
          if not test_source_file.exists():
              raise FileNotFoundError(f"ã‚½ãƒ¼ã‚¹ãƒ•ã‚¡ã‚¤ãƒ«ãŒè¦‹ã¤ã‹ã‚Šã¾ã›ã‚“: {test_source_file}")
      
          # å®Ÿè¡Œãƒ•ã‚¡ã‚¤ãƒ«åã‚’å‹•çš„ã«ç”Ÿæˆ
          base_name = test_source_file.stem
          executable = exercise_dir / f"{exercise_name}_{base_name}"
          debug_executable = exercise_dir / f"{exercise_name}_{base_name}_debug"
      
          print(f"\n{'='*70}")
          print(f"ğŸš€ {exercise_name}ã®ãƒ†ã‚¹ãƒˆã‚¹ã‚¤ãƒ¼ãƒˆ")
          print(f"{'='*70}")
          print(f"ğŸ“ èª²é¡Œãƒ‡ã‚£ãƒ¬ã‚¯ãƒˆãƒª: {exercise_dir}")
          print(f"ğŸ“„ ãƒ†ã‚¹ãƒˆå¯¾è±¡ã‚½ãƒ¼ã‚¹ãƒ•ã‚¡ã‚¤ãƒ«: {test_source_file.name}")
          print(f"ğŸ”§ å®Ÿè¡Œãƒ•ã‚¡ã‚¤ãƒ«: {executable.name}")
      
          # ã‚³ãƒ³ãƒ‘ã‚¤ãƒ«å®Ÿè¡Œ
  >       _compile_programs()
  
  test_exercise_8_3.py:79: 
  _ _ _ _ _ _ _ _ _ _ _ _ _ _ _ _ _ _ _ _ _ _ _ _ _ _ _ _ _ _ _ _ _ _ _ _ _ _ _ _ 
  
      def _compile_programs():
          """ã‚³ãƒ³ãƒ‘ã‚¤ãƒ«å®Ÿè¡Œï¼ˆSDL3å¯¾å¿œï¼‰"""
          # GraphicsLib.cã®ãƒ‘ã‚¹
          graphics_lib = exercise_dir / "src" / "GraphicsLib.c"
      
          if not graphics_lib.exists():
              raise FileNotFoundError(f"GraphicsLib.cãŒè¦‹ã¤ã‹ã‚Šã¾ã›ã‚“: {graphics_lib}")
      
          # SDL3ãƒ•ãƒ©ã‚°ã®æ¤œå‡º
          sdl3_flags = []
          if os.path.exists("/opt/homebrew/include"):
              sdl3_flags = ["-I/opt/homebrew/include", "-L/opt/homebrew/lib"]
          elif os.path.exists("/usr/local/include"):
              sdl3_flags = ["-I/usr/local/include", "-L/usr/local/lib"]
      
          # æœ¬ç•ªãƒ“ãƒ«ãƒ‰
          production_flags = [
              "gcc", "-std=c99", "-Wall", "-Wextra", "-O2",
              str(test_source_file), str(graphics_lib),
              "-o", str(executable),
              *sdl3_flags,
              "-lSDL3", "-lm"
          ]
      
          # ãƒ‡ãƒãƒƒã‚°ãƒ“ãƒ«ãƒ‰
          debug_flags = [
              "gcc", "-std=c99", "-Wall", "-Wextra", "-g", "-O0",
              "-DDEBUG", str(test_source_file), str(graphics_lib),
              "-o", str(debug_executable),
              *sdl3_flags,
              "-lSDL3", "-lm"
          ]
      
          print(f"\nğŸ”¨ ã‚³ãƒ³ãƒ‘ã‚¤ãƒ«ä¸­ï¼ˆSDL3ã‚°ãƒ©ãƒ•ã‚£ãƒƒã‚¯ã‚¹å¯¾å¿œï¼‰...")
          result_prod = subprocess.run(production_flags, capture_output=True, text=True)
          if result_prod.returncode != 0:
              print(f"\nâŒ ã‚³ãƒ³ãƒ‘ã‚¤ãƒ«å¤±æ•—:")
              print(f"STDERR: {result_prod.stderr}")
  >           raise RuntimeError(f"ã‚³ãƒ³ãƒ‘ã‚¤ãƒ«ã‚¨ãƒ©ãƒ¼: {result_prod.stderr}")
  E           RuntimeError: ã‚³ãƒ³ãƒ‘ã‚¤ãƒ«ã‚¨ãƒ©ãƒ¼: /home.org/administrator/c-programming-runners/actions-runner1/_work/ex8-3-t2500173/ex8-3-t2500173/src/main.c: In function â€˜mainâ€™:
  E           /home.org/administrator/c-programming-runners/actions-runner1/_work/ex8-3-t2500173/ex8-3-t2500173/src/main.c:29:9: warning: implicit declaration of function â€˜Win_FillRectangleâ€™; did you mean â€˜Win_FillRectâ€™? [-Wimplicit-function-declaration]
  E              29 |         Win_FillRectangle(x, y, x + size, y + size, colors[i]);
  E                 |         ^~~~~~~~~~~~~~~~~
  E                 |         Win_FillRect
  E           /usr/bin/ld: /tmp/cco5s7g4.o: in function `main':
  E           main.c:(.text.startup+0x125): undefined reference to `Win_FillRectangle'
  E           /usr/bin/ld: main.c:(.text.startup+0x194): undefined reference to `Win_FillRectangle'
  E           collect2: error: ld returned 1 exit status
  
  test_exercise_8_3.py:127: RuntimeError
  ---------------------------- Captured stdout setup -----------------------------
  
  ======================================================================
  ğŸš€ ex8-3-t2500173ã®ãƒ†ã‚¹ãƒˆã‚¹ã‚¤ãƒ¼ãƒˆ
  ======================================================================
  ğŸ“ èª²é¡Œãƒ‡ã‚£ãƒ¬ã‚¯ãƒˆãƒª: /home.org/administrator/c-programming-runners/actions-runner1/_work/ex8-3-t2500173/ex8-3-t2500173
  ğŸ“„ ãƒ†ã‚¹ãƒˆå¯¾è±¡ã‚½ãƒ¼ã‚¹ãƒ•ã‚¡ã‚¤ãƒ«: main.c
  ğŸ”§ å®Ÿè¡Œãƒ•ã‚¡ã‚¤ãƒ«: ex8-3-t2500173_main
  
  ğŸ”¨ ã‚³ãƒ³ãƒ‘ã‚¤ãƒ«ä¸­ï¼ˆSDL3ã‚°ãƒ©ãƒ•ã‚£ãƒƒã‚¯ã‚¹å¯¾å¿œï¼‰...
  
  âŒ ã‚³ãƒ³ãƒ‘ã‚¤ãƒ«å¤±æ•—:
  STDERR: /home.org/administrator/c-programming-runners/actions-runner1/_work/ex8-3-t2500173/ex8-3-t2500173/src/main.c: In function â€˜mainâ€™:
  /home.org/administrator/c-programming-runners/actions-runner1/_work/ex8-3-t2500173/ex8-3-t2500173/src/main.c:29:9: warning: implicit declaration of function â€˜Win_FillRectangleâ€™; did you mean â€˜Win_FillRectâ€™? [-Wimplicit-function-declaration]
     29 |         Win_FillRectangle(x, y, x + size, y + size, colors[i]);
        |         ^~~~~~~~~~~~~~~~~
        |         Win_FillRect
  /usr/bin/ld: /tmp/cco5s7g4.o: in function `main':
  main.c:(.text.startup+0x125): undefined reference to `Win_FillRectangle'
  /usr/bin/ld: main.c:(.text.startup+0x194): undefined reference to `Win_FillRectangle'
  collect2: error: ld returned 1 exit status
  
  =========================== short test summary info ============================
  ERROR test_exercise_8_3.py::test_12_term_count - RuntimeError: ã‚³ãƒ³ãƒ‘ã‚¤ãƒ«ã‚¨ãƒ©ãƒ¼: /home.org/administrator/c-programming-runne...
  =============================== 1 error in 0.24s ===============================
  
âŒ ãƒ†ã‚¹ãƒˆ12: é …æ•°è¨­å®šç¢ºèª
::error::Error: Exit with code: 1 and signal: null
ğŸ“ ãƒ†ã‚¹ãƒˆ13: ãƒ˜ãƒƒãƒ€ãƒ¼ãƒ•ã‚¡ã‚¤ãƒ«ã‚¤ãƒ³ã‚¯ãƒ«ãƒ¼ãƒ‰ç¢ºèª


  ============================= test session starts ==============================
  platform linux -- Python 3.10.12, pytest-8.4.2, pluggy-1.6.0 -- /usr/bin/python3
  cachedir: .pytest_cache
  rootdir: /home.org/administrator/c-programming-runners/actions-runner1/_work/ex8-3-t2500173/ex8-3-t2500173/tests
  collecting ... collected 1 item
  
  test_exercise_8_3.py::test_13_header_includes ERROR                      [100%]
  
  ==================================== ERRORS ====================================
  __________________ ERROR at setup of test_13_header_includes ___________________
  
  module = <module 'test_exercise_8_3' from '/home.org/administrator/c-programming-runners/actions-runner1/_work/ex8-3-t2500173/ex8-3-t2500173/tests/test_exercise_8_3.py'>
  
      def setup_module(module):
          """ãƒ†ã‚¹ãƒˆç’°å¢ƒã®ã‚»ãƒƒãƒˆã‚¢ãƒƒãƒ—ï¼ˆã‚³ãƒ³ãƒ‘ã‚¤ãƒ«å«ã‚€ï¼‰"""
          global exercise_dir, src_file, executable, debug_executable, test_source_file
      
          exercise_dir = Path(__file__).parent.parent
          exercise_name = exercise_dir.name
      
          # ã‚½ãƒ¼ã‚¹ãƒ•ã‚¡ã‚¤ãƒ«ã®æ±ºå®š
          src_dir = exercise_dir / "src"
          if not src_dir.exists():
              raise FileNotFoundError(f"srcãƒ‡ã‚£ãƒ¬ã‚¯ãƒˆãƒªãŒè¦‹ã¤ã‹ã‚Šã¾ã›ã‚“: {src_dir}")
      
          # ã‚³ãƒãƒ³ãƒ‰ãƒ©ã‚¤ãƒ³å¼•æ•°ã¾ãŸã¯ç’°å¢ƒå¤‰æ•°ã‹ã‚‰ã‚½ãƒ¼ã‚¹ãƒ•ã‚¡ã‚¤ãƒ«ã‚’å–å¾—
          parser = argparse.ArgumentParser()
          parser.add_argument('--source', default=None, help='ãƒ†ã‚¹ãƒˆã™ã‚‹ã‚½ãƒ¼ã‚¹ãƒ•ã‚¡ã‚¤ãƒ«')
          args, unknown = parser.parse_known_args()
      
          source_filename = (
              args.source or
              os.environ.get('SOURCE_FILE') or
              'main.c'
          )
      
          test_source_file = src_dir / source_filename
      
          if not test_source_file.exists():
              raise FileNotFoundError(f"ã‚½ãƒ¼ã‚¹ãƒ•ã‚¡ã‚¤ãƒ«ãŒè¦‹ã¤ã‹ã‚Šã¾ã›ã‚“: {test_source_file}")
      
          # å®Ÿè¡Œãƒ•ã‚¡ã‚¤ãƒ«åã‚’å‹•çš„ã«ç”Ÿæˆ
          base_name = test_source_file.stem
          executable = exercise_dir / f"{exercise_name}_{base_name}"
          debug_executable = exercise_dir / f"{exercise_name}_{base_name}_debug"
      
          print(f"\n{'='*70}")
          print(f"ğŸš€ {exercise_name}ã®ãƒ†ã‚¹ãƒˆã‚¹ã‚¤ãƒ¼ãƒˆ")
          print(f"{'='*70}")
          print(f"ğŸ“ èª²é¡Œãƒ‡ã‚£ãƒ¬ã‚¯ãƒˆãƒª: {exercise_dir}")
          print(f"ğŸ“„ ãƒ†ã‚¹ãƒˆå¯¾è±¡ã‚½ãƒ¼ã‚¹ãƒ•ã‚¡ã‚¤ãƒ«: {test_source_file.name}")
          print(f"ğŸ”§ å®Ÿè¡Œãƒ•ã‚¡ã‚¤ãƒ«: {executable.name}")
      
          # ã‚³ãƒ³ãƒ‘ã‚¤ãƒ«å®Ÿè¡Œ
  >       _compile_programs()
  
  test_exercise_8_3.py:79: 
  _ _ _ _ _ _ _ _ _ _ _ _ _ _ _ _ _ _ _ _ _ _ _ _ _ _ _ _ _ _ _ _ _ _ _ _ _ _ _ _ 
  
      def _compile_programs():
          """ã‚³ãƒ³ãƒ‘ã‚¤ãƒ«å®Ÿè¡Œï¼ˆSDL3å¯¾å¿œï¼‰"""
          # GraphicsLib.cã®ãƒ‘ã‚¹
          graphics_lib = exercise_dir / "src" / "GraphicsLib.c"
      
          if not graphics_lib.exists():
              raise FileNotFoundError(f"GraphicsLib.cãŒè¦‹ã¤ã‹ã‚Šã¾ã›ã‚“: {graphics_lib}")
      
          # SDL3ãƒ•ãƒ©ã‚°ã®æ¤œå‡º
          sdl3_flags = []
          if os.path.exists("/opt/homebrew/include"):
              sdl3_flags = ["-I/opt/homebrew/include", "-L/opt/homebrew/lib"]
          elif os.path.exists("/usr/local/include"):
              sdl3_flags = ["-I/usr/local/include", "-L/usr/local/lib"]
      
          # æœ¬ç•ªãƒ“ãƒ«ãƒ‰
          production_flags = [
              "gcc", "-std=c99", "-Wall", "-Wextra", "-O2",
              str(test_source_file), str(graphics_lib),
              "-o", str(executable),
              *sdl3_flags,
              "-lSDL3", "-lm"
          ]
      
          # ãƒ‡ãƒãƒƒã‚°ãƒ“ãƒ«ãƒ‰
          debug_flags = [
              "gcc", "-std=c99", "-Wall", "-Wextra", "-g", "-O0",
              "-DDEBUG", str(test_source_file), str(graphics_lib),
              "-o", str(debug_executable),
              *sdl3_flags,
              "-lSDL3", "-lm"
          ]
      
          print(f"\nğŸ”¨ ã‚³ãƒ³ãƒ‘ã‚¤ãƒ«ä¸­ï¼ˆSDL3ã‚°ãƒ©ãƒ•ã‚£ãƒƒã‚¯ã‚¹å¯¾å¿œï¼‰...")
          result_prod = subprocess.run(production_flags, capture_output=True, text=True)
          if result_prod.returncode != 0:
              print(f"\nâŒ ã‚³ãƒ³ãƒ‘ã‚¤ãƒ«å¤±æ•—:")
              print(f"STDERR: {result_prod.stderr}")
  >           raise RuntimeError(f"ã‚³ãƒ³ãƒ‘ã‚¤ãƒ«ã‚¨ãƒ©ãƒ¼: {result_prod.stderr}")
  E           RuntimeError: ã‚³ãƒ³ãƒ‘ã‚¤ãƒ«ã‚¨ãƒ©ãƒ¼: /home.org/administrator/c-programming-runners/actions-runner1/_work/ex8-3-t2500173/ex8-3-t2500173/src/main.c: In function â€˜mainâ€™:
  E           /home.org/administrator/c-programming-runners/actions-runner1/_work/ex8-3-t2500173/ex8-3-t2500173/src/main.c:29:9: warning: implicit declaration of function â€˜Win_FillRectangleâ€™; did you mean â€˜Win_FillRectâ€™? [-Wimplicit-function-declaration]
  E              29 |         Win_FillRectangle(x, y, x + size, y + size, colors[i]);
  E                 |         ^~~~~~~~~~~~~~~~~
  E                 |         Win_FillRect
  E           /usr/bin/ld: /tmp/ccOqViiz.o: in function `main':
  E           main.c:(.text.startup+0x125): undefined reference to `Win_FillRectangle'
  E           /usr/bin/ld: main.c:(.text.startup+0x194): undefined reference to `Win_FillRectangle'
  E           collect2: error: ld returned 1 exit status
  
  test_exercise_8_3.py:127: RuntimeError
  ---------------------------- Captured stdout setup -----------------------------
  
  ======================================================================
  ğŸš€ ex8-3-t2500173ã®ãƒ†ã‚¹ãƒˆã‚¹ã‚¤ãƒ¼ãƒˆ
  ======================================================================
  ğŸ“ èª²é¡Œãƒ‡ã‚£ãƒ¬ã‚¯ãƒˆãƒª: /home.org/administrator/c-programming-runners/actions-runner1/_work/ex8-3-t2500173/ex8-3-t2500173
  ğŸ“„ ãƒ†ã‚¹ãƒˆå¯¾è±¡ã‚½ãƒ¼ã‚¹ãƒ•ã‚¡ã‚¤ãƒ«: main.c
  ğŸ”§ å®Ÿè¡Œãƒ•ã‚¡ã‚¤ãƒ«: ex8-3-t2500173_main
  
  ğŸ”¨ ã‚³ãƒ³ãƒ‘ã‚¤ãƒ«ä¸­ï¼ˆSDL3ã‚°ãƒ©ãƒ•ã‚£ãƒƒã‚¯ã‚¹å¯¾å¿œï¼‰...
  
  âŒ ã‚³ãƒ³ãƒ‘ã‚¤ãƒ«å¤±æ•—:
  STDERR: /home.org/administrator/c-programming-runners/actions-runner1/_work/ex8-3-t2500173/ex8-3-t2500173/src/main.c: In function â€˜mainâ€™:
  /home.org/administrator/c-programming-runners/actions-runner1/_work/ex8-3-t2500173/ex8-3-t2500173/src/main.c:29:9: warning: implicit declaration of function â€˜Win_FillRectangleâ€™; did you mean â€˜Win_FillRectâ€™? [-Wimplicit-function-declaration]
     29 |         Win_FillRectangle(x, y, x + size, y + size, colors[i]);
        |         ^~~~~~~~~~~~~~~~~
        |         Win_FillRect
  /usr/bin/ld: /tmp/ccOqViiz.o: in function `main':
  main.c:(.text.startup+0x125): undefined reference to `Win_FillRectangle'
  /usr/bin/ld: main.c:(.text.startup+0x194): undefined reference to `Win_FillRectangle'
  collect2: error: ld returned 1 exit status
  
  =========================== short test summary info ============================
  ERROR test_exercise_8_3.py::test_13_header_includes - RuntimeError: ã‚³ãƒ³ãƒ‘ã‚¤ãƒ«ã‚¨ãƒ©ãƒ¼: /home.org/administrator/c-programming-runne...
  =============================== 1 error in 0.23s ===============================
  
âŒ ãƒ†ã‚¹ãƒˆ13: ãƒ˜ãƒƒãƒ€ãƒ¼ãƒ•ã‚¡ã‚¤ãƒ«ã‚¤ãƒ³ã‚¯ãƒ«ãƒ¼ãƒ‰ç¢ºèª
::error::Error: Exit with code: 1 and signal: null

::***::
Points 20/100
  
1s
